This is pdfTeX, Version 3.141592653-2.6-1.40.29 (TeX Live 2026) (preloaded format=pdflatex 2026.3.6)  12 MAR 2026 13:17
entering extended mode
 restricted \write18 enabled.
 %&-line parsing enabled.
**trafficlightcontroller.tex
(./trafficlightcontroller.tex
LaTeX2e <2025-11-01>
L3 programming layer <2026-01-19>
(./sphinxmanual.cls
Document Class: sphinxmanual 2019/12/01 v2.3.0 Document class (Sphinx manual)
(/usr/local/texlive/2026basic/texmf-dist/tex/latex/base/report.cls
Document Class: report 2025/01/22 v1.4n Standard LaTeX document class
(/usr/local/texlive/2026basic/texmf-dist/tex/latex/base/size10.clo
File: size10.clo 2025/01/22 v1.4n Standard LaTeX file (size option)
)
\c@part=\count275
\c@chapter=\count276
\c@section=\count277
\c@subsection=\count278
\c@subsubsection=\count279
\c@paragraph=\count280
\c@subparagraph=\count281
\c@figure=\count282
\c@table=\count283
\abovecaptionskip=\skip49
\belowcaptionskip=\skip50
\bibindent=\dimen148
)
LaTeX Info: Redefining \and on input line 35.
)
(/usr/local/texlive/2026basic/texmf-dist/tex/latex/base/inputenc.sty
Package: inputenc 2024/02/08 v1.3d Input encoding file
\inpenc@prehook=\toks17
\inpenc@posthook=\toks18
)
   defining Unicode char U+00A0 (decimal 160)
   defining Unicode char U+2500 (decimal 9472)
   defining Unicode char U+2502 (decimal 9474)
   defining Unicode char U+2514 (decimal 9492)
   defining Unicode char U+251C (decimal 9500)
   defining Unicode char U+2572 (decimal 9586)

(/usr/local/texlive/2026basic/texmf-dist/tex/latex/cmap/cmap.sty
Package: cmap 2021/02/06 v1.0j CMap support: searchable PDF
)
(/usr/local/texlive/2026basic/texmf-dist/tex/latex/base/fontenc.sty
Package: fontenc 2025/07/18 v2.1d Standard LaTeX package
<<t1.cmap>>) (/usr/local/texlive/2026basic/texmf-dist/tex/latex/amsmath/amsmath
.sty
Package: amsmath 2025/07/09 v2.17z AMS math features
\@mathmargin=\skip51

For additional information on amsmath, use the `?' option.
(/usr/local/texlive/2026basic/texmf-dist/tex/latex/amsmath/amstext.sty
Package: amstext 2024/11/17 v2.01 AMS text

(/usr/local/texlive/2026basic/texmf-dist/tex/latex/amsmath/amsgen.sty
File: amsgen.sty 1999/11/30 v2.0 generic functions
\@emptytoks=\toks19
\ex@=\dimen149
))
(/usr/local/texlive/2026basic/texmf-dist/tex/latex/amsmath/amsbsy.sty
Package: amsbsy 1999/11/29 v1.2d Bold Symbols
\pmbraise@=\dimen150
)
(/usr/local/texlive/2026basic/texmf-dist/tex/latex/amsmath/amsopn.sty
Package: amsopn 2022/04/08 v2.04 operator names
)
\inf@bad=\count284
LaTeX Info: Redefining \frac on input line 233.
\uproot@=\count285
\leftroot@=\count286
LaTeX Info: Redefining \overline on input line 398.
LaTeX Info: Redefining \colon on input line 409.
\classnum@=\count287
\DOTSCASE@=\count288
LaTeX Info: Redefining \ldots on input line 495.
LaTeX Info: Redefining \dots on input line 498.
LaTeX Info: Redefining \cdots on input line 619.
\Mathstrutbox@=\box53
\strutbox@=\box54
LaTeX Info: Redefining \big on input line 721.
LaTeX Info: Redefining \Big on input line 722.
LaTeX Info: Redefining \bigg on input line 723.
LaTeX Info: Redefining \Bigg on input line 724.
\big@size=\dimen151
LaTeX Font Info:    Redeclaring font encoding OML on input line 742.
LaTeX Font Info:    Redeclaring font encoding OMS on input line 743.
\macc@depth=\count289
LaTeX Info: Redefining \bmod on input line 904.
LaTeX Info: Redefining \pmod on input line 909.
LaTeX Info: Redefining \smash on input line 939.
LaTeX Info: Redefining \relbar on input line 969.
LaTeX Info: Redefining \Relbar on input line 970.
\c@MaxMatrixCols=\count290
\dotsspace@=\muskip17
\c@parentequation=\count291
\dspbrk@lvl=\count292
\tag@help=\toks20
\row@=\count293
\column@=\count294
\maxfields@=\count295
\andhelp@=\toks21
\eqnshift@=\dimen152
\alignsep@=\dimen153
\tagshift@=\dimen154
\tagwidth@=\dimen155
\totwidth@=\dimen156
\lineht@=\dimen157
\@envbody=\toks22
\multlinegap=\skip52
\multlinetaggap=\skip53
\mathdisplay@stack=\toks23
LaTeX Info: Redefining \[ on input line 2950.
LaTeX Info: Redefining \] on input line 2951.
)
(/usr/local/texlive/2026basic/texmf-dist/tex/latex/amsfonts/amssymb.sty
Package: amssymb 2013/01/14 v3.01 AMS font symbols

(/usr/local/texlive/2026basic/texmf-dist/tex/latex/amsfonts/amsfonts.sty
Package: amsfonts 2013/01/14 v3.01 Basic AMSFonts support
\symAMSa=\mathgroup4
\symAMSb=\mathgroup5
LaTeX Font Info:    Redeclaring math symbol \hbar on input line 98.
LaTeX Font Info:    Overwriting math alphabet `\mathfrak' in version `bold'
(Font)                  U/euf/m/n --> U/euf/b/n on input line 106.
))
(/usr/local/texlive/2026basic/texmf-dist/tex/generic/babel/babel.sty
Package: babel 2026/02/14 v26.3 The multilingual framework for LuaLaTeX, pdfLaT
eX and XeLaTeX
\babel@savecnt=\count296
LaTeX Encoding Info:    Redeclaring text command \ij (encoding OT1) on input li
ne 2078.
LaTeX Encoding Info:    Redeclaring text command \IJ (encoding OT1) on input li
ne 2080.
LaTeX Encoding Info:    Redeclaring text command \ij (encoding T1) on input lin
e 2082.
LaTeX Encoding Info:    Redeclaring text command \IJ (encoding T1) on input lin
e 2083.
LaTeX Encoding Info:    Ignoring declaration for text command \ij (encoding ?) 
on input line 2084.
LaTeX Encoding Info:    Ignoring declaration for text command \IJ (encoding ?) 
on input line 2086.
LaTeX Encoding Info:    Ignoring declaration for text command \SS (encoding ?) 
on input line 2111.
\U@D=\dimen158
\l@unhyphenated=\language23

(/usr/local/texlive/2026basic/texmf-dist/tex/generic/babel/txtbabel.def)
\bbl@readstream=\read2
\bbl@dirlevel=\count297

(/usr/local/texlive/2026basic/texmf-dist/tex/generic/babel/locale/en/babel-engl
ish.tex)
Package babel Info: Importing font and identification data for english
(babel)             from babel-en.ini. Reported on input line 4330.

(/usr/local/texlive/2026basic/texmf-dist/tex/generic/babel-english/english.ldf
Language: english 2017/06/06 v3.3r English support from the babel system
Package babel Info: Hyphen rules for 'canadian' set to \l@english
(babel)             (\language0). Reported on input line 102.
Package babel Info: Hyphen rules for 'australian' set to \l@ukenglish
(babel)             (\language7). Reported on input line 105.
Package babel Info: Hyphen rules for 'newzealand' set to \l@ukenglish
(babel)             (\language7). Reported on input line 108.
)) (/usr/local/texlive/2026basic/texmf-dist/tex/latex/tex-gyre/tgtermes.sty
Package: tgtermes 2009/09/27 v1.2 TeX Gyre Termes as default roman family

(/usr/local/texlive/2026basic/texmf-dist/tex/latex/kvoptions/kvoptions.sty
Package: kvoptions 2022-06-15 v3.15 Key value format for package options (HO)

(/usr/local/texlive/2026basic/texmf-dist/tex/latex/graphics/keyval.sty
Package: keyval 2022/05/29 v1.15 key=value parser (DPC)
\KV@toks@=\toks24
)
(/usr/local/texlive/2026basic/texmf-dist/tex/generic/ltxcmds/ltxcmds.sty
Package: ltxcmds 2023-12-04 v1.26 LaTeX kernel commands for general use (HO)
)
(/usr/local/texlive/2026basic/texmf-dist/tex/latex/kvsetkeys/kvsetkeys.sty
Package: kvsetkeys 2022-10-05 v1.19 Key value parser (HO)
)))
(/usr/local/texlive/2026basic/texmf-dist/tex/latex/tex-gyre/tgheros.sty
Package: tgheros 2009/09/27 v1.2 TeX Gyre Heros as default sans serif family
)
(./sphinx.sty
Package: sphinx 2024/11/23 v8.2.0 Sphinx LaTeX package (sphinx-doc)

(/usr/local/texlive/2026basic/texmf-dist/tex/latex/xcolor/xcolor.sty
Package: xcolor 2024/09/29 v3.02 LaTeX color extensions (UK)

(/usr/local/texlive/2026basic/texmf-dist/tex/latex/graphics-cfg/color.cfg
File: color.cfg 2016/01/02 v1.6 sample color configuration
)
Package xcolor Info: Driver file: pdftex.def on input line 274.

(/usr/local/texlive/2026basic/texmf-dist/tex/latex/graphics-def/pdftex.def
File: pdftex.def 2025/09/29 v1.2d Graphics/color driver for pdftex
)
(/usr/local/texlive/2026basic/texmf-dist/tex/latex/graphics/mathcolor.ltx)
Package xcolor Info: Model `cmy' substituted by `cmy0' on input line 1349.
Package xcolor Info: Model `hsb' substituted by `rgb' on input line 1353.
Package xcolor Info: Model `RGB' extended on input line 1365.
Package xcolor Info: Model `HTML' substituted by `rgb' on input line 1367.
Package xcolor Info: Model `Hsb' substituted by `hsb' on input line 1368.
Package xcolor Info: Model `tHsb' substituted by `hsb' on input line 1369.
Package xcolor Info: Model `HSB' substituted by `hsb' on input line 1370.
Package xcolor Info: Model `Gray' substituted by `gray' on input line 1371.
Package xcolor Info: Model `wave' substituted by `hsb' on input line 1372.
)
(./sphinxoptionshyperref.sty
Package: sphinxoptionshyperref 2021/01/27 hyperref
) (./sphinxoptionsgeometry.sty
Package: sphinxoptionsgeometry 2021/01/27 geometry
)
(/usr/local/texlive/2026basic/texmf-dist/tex/latex/base/textcomp.sty
Package: textcomp 2024/04/24 v2.1b Standard LaTeX package
)
(/usr/local/texlive/2026basic/texmf-dist/tex/latex/float/float.sty
Package: float 2001/11/08 v1.3d Float enhancements (AL)
\c@float@type=\count298
\float@exts=\toks25
\float@box=\box55
\@float@everytoks=\toks26
\@floatcapt=\box56
)
(/usr/local/texlive/2026basic/texmf-dist/tex/latex/wrapfig/wrapfig.sty
\wrapoverhang=\dimen159
\WF@size=\dimen160
\c@WF@wrappedlines=\count299
\WF@box=\box57
\WF@everypar=\toks27
Package: wrapfig 2003/01/31  v 3.6
)
(/usr/local/texlive/2026basic/texmf-dist/tex/latex/capt-of/capt-of.sty
Package: capt-of 2009/12/29 v0.2 standard captions outside of floats
)
(/usr/local/texlive/2026basic/texmf-dist/tex/latex/tools/multicol.sty
Package: multicol 2025/10/21 v2.0b multicolumn formatting (FMi)
\c@tracingmulticols=\count300
\mult@box=\box58
\multicol@leftmargin=\dimen161
\c@unbalance=\count301
\c@collectmore=\count302
\doublecol@number=\count303
\multicoltolerance=\count304
\multicolpretolerance=\count305
\full@width=\dimen162
\page@free=\dimen163
\premulticols=\dimen164
\postmulticols=\dimen165
\multicolsep=\skip54
\multicolbaselineskip=\skip55
\partial@page=\box59
\last@line=\box60
\mc@boxedresult=\box61
\maxbalancingoverflow=\dimen166
\mult@rightbox=\box62
\mult@grightbox=\box63
\mult@firstbox=\box64
\mult@gfirstbox=\box65
\@tempa=\box66
\@tempa=\box67
\@tempa=\box68
\@tempa=\box69
\@tempa=\box70
\@tempa=\box71
\@tempa=\box72
\@tempa=\box73
\@tempa=\box74
\@tempa=\box75
\@tempa=\box76
\@tempa=\box77
\@tempa=\box78
\@tempa=\box79
\@tempa=\box80
\@tempa=\box81
\@tempa=\box82
\@tempa=\box83
\@tempa=\box84
\@tempa=\box85
\@tempa=\box86
\@tempa=\box87
\@tempa=\box88
\@tempa=\box89
\@tempa=\box90
\@tempa=\box91
\@tempa=\box92
\@tempa=\box93
\@tempa=\box94
\@tempa=\box95
\@tempa=\box96
\@tempa=\box97
\@tempa=\box98
\@tempa=\box99
\@tempa=\box100
\@tempa=\box101
\c@minrows=\count306
\c@columnbadness=\count307
\c@finalcolumnbadness=\count308
\last@try=\dimen167
\multicolovershoot=\dimen168
\multicolundershoot=\dimen169
\mult@nat@firstbox=\box102
\colbreak@box=\box103
\mc@col@check@num=\count309
\g__mc_curr_col_int=\count310
)
(/usr/local/texlive/2026basic/texmf-dist/tex/latex/graphics/graphicx.sty
Package: graphicx 2024/12/31 v1.2e Enhanced LaTeX Graphics (DPC,SPQR)

(/usr/local/texlive/2026basic/texmf-dist/tex/latex/graphics/graphics.sty
Package: graphics 2024/08/06 v1.4g Standard LaTeX Graphics (DPC,SPQR)

(/usr/local/texlive/2026basic/texmf-dist/tex/latex/graphics/trig.sty
Package: trig 2023/12/02 v1.11 sin cos tan (DPC)
)
(/usr/local/texlive/2026basic/texmf-dist/tex/latex/graphics-cfg/graphics.cfg
File: graphics.cfg 2016/06/04 v1.11 sample graphics configuration
)
Package graphics Info: Driver file: pdftex.def on input line 106.
)
\Gin@req@height=\dimen170
\Gin@req@width=\dimen171
) (./sphinxlatexgraphics.sty
Package: sphinxlatexgraphics 2024/08/13 v8.1.0 graphics
\spx@image@maxheight=\dimen172
\spx@image@box=\box104
) (./sphinxpackageboxes.sty
Package: sphinxpackageboxes 2024/07/01 v7.4.0 advanced colored boxes


Package sphinx Warning: The package pict2e is required for rounded boxes.
(sphinx)                It does not seem to be available on your system.
(sphinx)                Options for setting radii will be ignored.


Package sphinx Warning: The package ellipse is required for elliptical corners.

(sphinx)                It does not seem to be available on your system.
(sphinx)                All non-straight corners will use circle arcs..

\spx@tempboxa=\box105
\spx@tempboxb=\box106
\spx@boxes@border@top=\dimen173
\spx@boxes@border@right=\dimen174
\spx@boxes@border@bottom=\dimen175
\spx@boxes@border@left=\dimen176
\spx@boxes@padding@top=\dimen177
\spx@boxes@padding@right=\dimen178
\spx@boxes@padding@bottom=\dimen179
\spx@boxes@padding@left=\dimen180
\spx@boxes@shadow@xoffset=\dimen181
\spx@boxes@shadow@yoffset=\dimen182
\spx@boxes@radius@topleft@x=\dimen183
\spx@boxes@radius@topright@x=\dimen184
\spx@boxes@radius@bottomright@x=\dimen185
\spx@boxes@radius@bottomleft@x=\dimen186
\spx@boxes@radius@topleft@y=\dimen187
\spx@boxes@radius@topright@y=\dimen188
\spx@boxes@radius@bottomright@y=\dimen189
\spx@boxes@radius@bottomleft@y=\dimen190
) (./sphinxlatexadmonitions.sty
Package: sphinxlatexadmonitions 2024/10/11 v8.1.1 admonitions

(/usr/local/texlive/2026basic/texmf-dist/tex/latex/framed/framed.sty
Package: framed 2011/10/22 v 0.96: framed or shaded text with page breaks
\OuterFrameSep=\skip56
\fb@frw=\dimen191
\fb@frh=\dimen192
\FrameRule=\dimen193
\FrameSep=\dimen194
)
(./sphinxpackagefootnote.sty
Package: sphinxpackagefootnote 2024/05/17 v7.3.x Sphinx custom footnotehyper pa
ckage (Sphinx team)
\FNH@notes=\box107
\FNH@toks=\toks28
\FNH@width=\dimen195
\c@sphinxfootnotemark=\count311
)
\spx@notice@border=\dimen196
\c@sphinxtodo=\count312
) (./sphinxlatexliterals.sty
Package: sphinxlatexliterals 2024/07/01 v7.4.0 code-blocks and parsed literals

(/usr/local/texlive/2026basic/texmf-dist/tex/latex/fancyvrb/fancyvrb.sty
Package: fancyvrb 2025/07/28 4.6 verbatim text (tvz,hv)
\FV@CodeLineNo=\count313
\FV@InFile=\read3
\FV@TabBox=\box108
\c@FancyVerbLine=\count314
\FV@StepNumber=\count315
\FV@OutFile=\write3
)
(/usr/local/texlive/2026basic/texmf-dist/tex/latex/base/alltt.sty
Package: alltt 2024/07/07 v2.0g defines alltt environment
)
(/usr/local/texlive/2026basic/texmf-dist/tex/latex/upquote/upquote.sty
Package: upquote 2012/04/19 v1.3 upright-quote and grave-accent glyphs in verba
tim
)
(/usr/local/texlive/2026basic/texmf-dist/tex/latex/needspace/needspace.sty
Package: needspace 2025/03/13 v1.3e reserve vertical space
)
\sphinxcontinuationbox=\box109
\sphinxvisiblespacebox=\box110
\sphinxVerbatim@TitleBox=\box111
\sphinxVerbatim@ContentsBox=\box112
)
(./sphinxlatexshadowbox.sty
Package: sphinxlatexshadowbox 2024/07/28 v8.1.0 sphinxShadowBox
) (./sphinxlatexcontainers.sty
Package: sphinxlatexcontainers 2021/05/03 containers
)
(./sphinxhighlight.sty
Package: sphinxhighlight 2022/06/30 stylesheet for highlighting with pygments
) (./sphinxlatextables.sty
Package: sphinxlatextables 2024/07/01 v7.4.0 tables

(/usr/local/texlive/2026basic/texmf-dist/tex/latex/tabulary/tabulary.sty
Package: tabulary 2024/06/04 v0.11 tabulary package (DPC)

(/usr/local/texlive/2026basic/texmf-dist/tex/latex/tools/array.sty
Package: array 2025/09/25 v2.6n Tabular extension package (FMi)
\col@sep=\dimen197
\ar@mcellbox=\box113
\extrarowheight=\dimen198
\NC@list=\toks29
\extratabsurround=\skip57
\backup@length=\skip58
\ar@cellbox=\box114
)
\TY@count=\count316
\TY@linewidth=\dimen199
\tymin=\dimen256
\tymax=\dimen257
\TY@tablewidth=\dimen258
)
(/usr/local/texlive/2026basic/texmf-dist/tex/latex/tools/longtable.sty
Package: longtable 2025-10-13 v4.24 Multi-page Table package (DPC)
\LTleft=\skip59
\LTright=\skip60
\LTpre=\skip61
\LTpost=\skip62
\LTchunksize=\count317
\LTcapwidth=\dimen259
\LT@head=\box115
\LT@firsthead=\box116
\LT@foot=\box117
\LT@lastfoot=\box118
\LT@gbox=\box119
\LT@cols=\count318
\LT@rows=\count319
\c@LT@tables=\count320
\c@LT@chunks=\count321
\LT@p@ftn=\toks30
)
(/usr/local/texlive/2026basic/texmf-dist/tex/latex/varwidth/varwidth.sty
Package: varwidth 2009/03/30 ver 0.92;  Variable-width minipages
\@vwid@box=\box120
\sift@deathcycles=\count322
\@vwid@loff=\dimen260
\@vwid@roff=\dimen261
)
==> First Aid for varwidth.sty applied!
\sphinx@TY@tablewidth=\dimen262
(/usr/local/texlive/2026basic/texmf-dist/tex/latex/colortbl/colortbl.sty
Package: colortbl 2024/10/29 v1.0k Color table columns (DPC)
\everycr=\toks31
\minrowclearance=\skip63
\rownum=\count323
)
(/usr/local/texlive/2026basic/texmf-dist/tex/latex/booktabs/booktabs.sty
Package: booktabs 2020/01/12 v1.61803398 Publication quality tables
\heavyrulewidth=\dimen263
\lightrulewidth=\dimen264
\cmidrulewidth=\dimen265
\belowrulesep=\dimen266
\belowbottomsep=\dimen267
\aboverulesep=\dimen268
\abovetopsep=\dimen269
\cmidrulesep=\dimen270
\cmidrulekern=\dimen271
\defaultaddspace=\dimen272
\@cmidla=\count324
\@cmidlb=\count325
\@aboverulesep=\dimen273
\@belowrulesep=\dimen274
\@thisruleclass=\count326
\@lastruleclass=\count327
\@thisrulewidth=\dimen275
))
(./sphinxlatexnumfig.sty
Package: sphinxlatexnumfig 2024/07/31 v8.1.0 numbering
) (./sphinxlatexlists.sty
Package: sphinxlatexlists 2021/12/20 lists
\spx@lineitemlabel=\toks32
)
\c@sphinxscope=\count328
 (./sphinxlatexindbibtoc.sty
Package: sphinxlatexindbibtoc 2021/01/27 index, bib., toc

(/usr/local/texlive/2026basic/texmf-dist/tex/latex/base/makeidx.sty
Package: makeidx 2021/10/04 v1.0m Standard LaTeX package
))
(./sphinxlatexstylepage.sty
Package: sphinxlatexstylepage 2021/01/27 page styling

(/usr/local/texlive/2026basic/texmf-dist/tex/latex/parskip/parskip.sty
Package: parskip 2021-03-14 v2.0h non-zero parskip adjustments

(/usr/local/texlive/2026basic/texmf-dist/tex/latex/etoolbox/etoolbox.sty
Package: etoolbox 2025/10/02 v2.5m e-TeX tools for LaTeX (JAW)
\etb@tempcnta=\count329
))
(/usr/local/texlive/2026basic/texmf-dist/tex/latex/fancyhdr/fancyhdr.sty
Package: fancyhdr 2025/02/07 v5.2 Extensive control of page headers and footers

\f@nch@headwidth=\skip64
\f@nch@offset@elh=\skip65
\f@nch@offset@erh=\skip66
\f@nch@offset@olh=\skip67
\f@nch@offset@orh=\skip68
\f@nch@offset@elf=\skip69
\f@nch@offset@erf=\skip70
\f@nch@offset@olf=\skip71
\f@nch@offset@orf=\skip72
\f@nch@height=\skip73
\f@nch@footalignment=\skip74
\f@nch@widthL=\skip75
\f@nch@widthC=\skip76
\f@nch@widthR=\skip77
\@temptokenb=\toks33
))
(./sphinxlatexstyleheadings.sty
Package: sphinxlatexstyleheadings 2023/02/11 headings

(/usr/local/texlive/2026basic/texmf-dist/tex/latex/titlesec/titlesec.sty
Package: titlesec 2025/01/04 v2.17 Sectioning titles
\ttl@box=\box121
\beforetitleunit=\skip78
\aftertitleunit=\skip79
\ttl@plus=\dimen276
\ttl@minus=\dimen277
\ttl@toksa=\toks34
\titlewidth=\dimen278
\titlewidthlast=\dimen279
\titlewidthfirst=\dimen280
))
(./sphinxlatexstyletext.sty
Package: sphinxlatexstyletext 2024/07/28 v8.1.0 text styling
) (./sphinxlatexobjects.sty
Package: sphinxlatexobjects 2025/02/11 documentation environments
\sphinxsignaturesep=\skip80
\sphinxsignaturelistskip=\skip81
\py@argswidth=\skip82
\lineblockindentation=\skip83
\DUlineblockindent=\skip84
))
(/usr/local/texlive/2026basic/texmf-dist/tex/latex/geometry/geometry.sty
Package: geometry 2020/01/02 v5.9 Page Geometry

(/usr/local/texlive/2026basic/texmf-dist/tex/generic/iftex/ifvtex.sty
Package: ifvtex 2019/10/25 v1.7 ifvtex legacy package. Use iftex instead.

(/usr/local/texlive/2026basic/texmf-dist/tex/generic/iftex/iftex.sty
Package: iftex 2024/12/12 v1.0g TeX engine tests
))
\Gm@cnth=\count330
\Gm@cntv=\count331
\c@Gm@tempcnt=\count332
\Gm@bindingoffset=\dimen281
\Gm@wd@mp=\dimen282
\Gm@odd@mp=\dimen283
\Gm@even@mp=\dimen284
\Gm@layoutwidth=\dimen285
\Gm@layoutheight=\dimen286
\Gm@layouthoffset=\dimen287
\Gm@layoutvoffset=\dimen288
\Gm@dimlist=\toks35
)
(/usr/local/texlive/2026basic/texmf-dist/tex/latex/hyperref/hyperref.sty
Package: hyperref 2026-01-29 v7.01p Hypertext links for LaTeX

(/usr/local/texlive/2026basic/texmf-dist/tex/generic/kvdefinekeys/kvdefinekeys.
sty
Package: kvdefinekeys 2019-12-19 v1.6 Define keys (HO)
)
(/usr/local/texlive/2026basic/texmf-dist/tex/generic/pdfescape/pdfescape.sty
Package: pdfescape 2019/12/09 v1.15 Implements pdfTeX's escape features (HO)

(/usr/local/texlive/2026basic/texmf-dist/tex/generic/pdftexcmds/pdftexcmds.sty
Package: pdftexcmds 2020-06-27 v0.33 Utility functions of pdfTeX for LuaTeX (HO
)

(/usr/local/texlive/2026basic/texmf-dist/tex/generic/infwarerr/infwarerr.sty
Package: infwarerr 2019/12/03 v1.5 Providing info/warning/error messages (HO)
)
Package pdftexcmds Info: \pdf@primitive is available.
Package pdftexcmds Info: \pdf@ifprimitive is available.
Package pdftexcmds Info: \pdfdraftmode found.
)) (/usr/local/texlive/2026basic/texmf-dist/tex/latex/hycolor/hycolor.sty
Package: hycolor 2020-01-27 v1.10 Color options for hyperref/bookmark (HO)
)
(/usr/local/texlive/2026basic/texmf-dist/tex/latex/hyperref/nameref.sty
Package: nameref 2026-01-29 v2.58 Cross-referencing by name of section

(/usr/local/texlive/2026basic/texmf-dist/tex/latex/refcount/refcount.sty
Package: refcount 2019/12/15 v3.6 Data extraction from label references (HO)
)
(/usr/local/texlive/2026basic/texmf-dist/tex/generic/gettitlestring/gettitlestr
ing.sty
Package: gettitlestring 2019/12/15 v1.6 Cleanup title references (HO)
)
\c@section@level=\count333
)
(/usr/local/texlive/2026basic/texmf-dist/tex/generic/stringenc/stringenc.sty
Package: stringenc 2019/11/29 v1.12 Convert strings between diff. encodings (HO
)
)
\@linkdim=\dimen289
\Hy@linkcounter=\count334
\Hy@pagecounter=\count335

(/usr/local/texlive/2026basic/texmf-dist/tex/latex/hyperref/pd1enc.def
File: pd1enc.def 2026-01-29 v7.01p Hyperref: PDFDocEncoding definition (HO)
Now handling font encoding PD1 ...
... no UTF-8 mapping file for font encoding PD1
)
(/usr/local/texlive/2026basic/texmf-dist/tex/generic/intcalc/intcalc.sty
Package: intcalc 2019/12/15 v1.3 Expandable calculations with integers (HO)
)
\Hy@SavedSpaceFactor=\count336

(/usr/local/texlive/2026basic/texmf-dist/tex/latex/hyperref/puenc.def
File: puenc.def 2026-01-29 v7.01p Hyperref: PDF Unicode definition (HO)
Now handling font encoding PU ...
... no UTF-8 mapping file for font encoding PU
)
Package hyperref Info: Option `unicode' set `true' on input line 4072.
Package hyperref Info: Option `colorlinks' set `true' on input line 4072.
Package hyperref Info: Option `breaklinks' set `true' on input line 4072.
Package hyperref Info: Hyper figures OFF on input line 4201.
Package hyperref Info: Link nesting OFF on input line 4206.
Package hyperref Info: Hyper index ON on input line 4209.
Package hyperref Info: Plain pages OFF on input line 4216.
Package hyperref Info: Backreferencing OFF on input line 4221.
Package hyperref Info: Implicit mode ON; LaTeX internals redefined.
Package hyperref Info: Bookmarks ON on input line 4468.
\c@Hy@tempcnt=\count337

(/usr/local/texlive/2026basic/texmf-dist/tex/latex/url/url.sty
\Urlmuskip=\muskip18
Package: url 2013/09/16  ver 3.4  Verb mode for urls, etc.
)
LaTeX Info: Redefining \url on input line 4807.
\XeTeXLinkMargin=\dimen290

(/usr/local/texlive/2026basic/texmf-dist/tex/generic/bitset/bitset.sty
Package: bitset 2019/12/09 v1.3 Handle bit-vector datatype (HO)

(/usr/local/texlive/2026basic/texmf-dist/tex/generic/bigintcalc/bigintcalc.sty
Package: bigintcalc 2019/12/15 v1.5 Expandable calculations on big integers (HO
)
))
\Fld@menulength=\count338
\Field@Width=\dimen291
\Fld@charsize=\dimen292
Package hyperref Info: Hyper figures OFF on input line 6084.
Package hyperref Info: Link nesting OFF on input line 6089.
Package hyperref Info: Hyper index ON on input line 6092.
Package hyperref Info: backreferencing OFF on input line 6099.
Package hyperref Info: Link coloring ON on input line 6102.
Package hyperref Info: Link coloring with OCG OFF on input line 6109.
Package hyperref Info: PDF/A mode OFF on input line 6114.
\Hy@abspage=\count339
\c@Item=\count340
\c@Hfootnote=\count341
)
Package hyperref Info: Driver (autodetected): hpdftex.
 (/usr/local/texlive/2026basic/texmf-dist/tex/latex/hyperref/hpdftex.def
File: hpdftex.def 2026-01-29 v7.01p Hyperref driver for pdfTeX
\Fld@listcount=\count342
\c@bookmark@seq@number=\count343

(/usr/local/texlive/2026basic/texmf-dist/tex/latex/rerunfilecheck/rerunfilechec
k.sty
Package: rerunfilecheck 2025-06-21 v1.11 Rerun checks for auxiliary files (HO)

(/usr/local/texlive/2026basic/texmf-dist/tex/generic/uniquecounter/uniquecounte
r.sty
Package: uniquecounter 2019/12/15 v1.4 Provide unlimited unique counter (HO)
)
Package uniquecounter Info: New unique counter `rerunfilecheck' on input line 2
84.
)
\Hy@SectionHShift=\skip85
) (/usr/local/texlive/2026basic/texmf-dist/tex/latex/hypcap/hypcap.sty
Package: hypcap 2024-07-26 v1.13 Adjusting the anchors of captions (HO)

(/usr/local/texlive/2026basic/texmf-dist/tex/latex/letltxmacro/letltxmacro.sty
Package: letltxmacro 2019/12/03 v1.6 Let assignment for LaTeX macros (HO)
)) (./sphinxmessages.sty
Package: sphinxmessages 2019/01/04 v2.0 Localized LaTeX macros (Sphinx team)
)
\@indexfile=\write4
\openout4 = `trafficlightcontroller.idx'.


Writing index file trafficlightcontroller.idx
LaTeX Font Info:    Trying to load font information for T1+qtm on input line 80
.
(/usr/local/texlive/2026basic/texmf-dist/tex/latex/tex-gyre/t1qtm.fd
File: t1qtm.fd 2009/09/25 v1.2 font definition file for T1/qtm
)
(/usr/local/texlive/2026basic/texmf-dist/tex/latex/l3backend/l3backend-pdftex.d
ef
File: l3backend-pdftex.def 2025-10-09 L3 backend support: PDF output (pdfTeX)
\l__color_backend_stack_int=\count344
) (./trafficlightcontroller.aux)
\openout1 = `trafficlightcontroller.aux'.

LaTeX Font Info:    Checking defaults for OML/cmm/m/it on input line 80.
LaTeX Font Info:    ... okay on input line 80.
LaTeX Font Info:    Checking defaults for OMS/cmsy/m/n on input line 80.
LaTeX Font Info:    ... okay on input line 80.
LaTeX Font Info:    Checking defaults for OT1/cmr/m/n on input line 80.
LaTeX Font Info:    ... okay on input line 80.
LaTeX Font Info:    Checking defaults for T1/cmr/m/n on input line 80.
LaTeX Font Info:    ... okay on input line 80.
LaTeX Font Info:    Checking defaults for TS1/cmr/m/n on input line 80.
LaTeX Font Info:    ... okay on input line 80.
LaTeX Font Info:    Checking defaults for OMX/cmex/m/n on input line 80.
LaTeX Font Info:    ... okay on input line 80.
LaTeX Font Info:    Checking defaults for U/cmr/m/n on input line 80.
LaTeX Font Info:    ... okay on input line 80.
LaTeX Font Info:    Checking defaults for PD1/pdf/m/n on input line 80.
LaTeX Font Info:    ... okay on input line 80.
LaTeX Font Info:    Checking defaults for PU/pdf/m/n on input line 80.
LaTeX Font Info:    ... okay on input line 80.

(/usr/local/texlive/2026basic/texmf-dist/tex/context/base/mkii/supp-pdf.mkii
[Loading MPS to PDF converter (version 2006.09.02).]
\scratchcounter=\count345
\scratchdimen=\dimen293
\scratchbox=\box122
\nofMPsegments=\count346
\nofMParguments=\count347
\everyMPshowfont=\toks36
\MPscratchCnt=\count348
\MPscratchDim=\dimen294
\MPnumerator=\count349
\makeMPintoPDFobject=\count350
\everyMPtoPDFconversion=\toks37
)
(/usr/local/texlive/2026basic/texmf-dist/tex/latex/epstopdf-pkg/epstopdf-base.s
ty
Package: epstopdf-base 2020-01-24 v2.11 Base part for package epstopdf
Package epstopdf-base Info: Redefining graphics rule for `.eps' on input line 4
85.

(/usr/local/texlive/2026basic/texmf-dist/tex/latex/latexconfig/epstopdf-sys.cfg
File: epstopdf-sys.cfg 2010/07/13 v1.3 Configuration of (r)epstopdf for TeX Liv
e
))
\c@literalblock=\count351

*geometry* driver: auto-detecting
*geometry* detected driver: pdftex
*geometry* verbose mode - [ preamble ] result:
* driver: pdftex
* paper: letterpaper
* layout: <same size as paper>
* layoutoffset:(h,v)=(0.0pt,0.0pt)
* modes: twoside 
* h-part:(L,W,R)=(72.26999pt, 469.75502pt, 72.26999pt)
* v-part:(T,H,B)=(72.26999pt, 650.43001pt, 72.26999pt)
* \paperwidth=614.295pt
* \paperheight=794.96999pt
* \textwidth=469.75502pt
* \textheight=650.43001pt
* \oddsidemargin=0.0pt
* \evensidemargin=0.0pt
* \topmargin=-37.0pt
* \headheight=12.0pt
* \headsep=25.0pt
* \topskip=10.0pt
* \footskip=30.0pt
* \marginparwidth=36.135pt
* \marginparsep=11.0pt
* \columnsep=10.0pt
* \skip\footins=9.0pt plus 4.0pt minus 2.0pt
* \hoffset=0.0pt
* \voffset=0.0pt
* \mag=1000
* \@twocolumnfalse
* \@twosidetrue
* \@mparswitchtrue
* \@reversemarginfalse
* (1in=72.27pt=25.4mm, 1cm=28.453pt)

Package hyperref Info: Link coloring ON on input line 80.
(./trafficlightcontroller.out) (./trafficlightcontroller.out)
\@outlinefile=\write5
\openout5 = `trafficlightcontroller.out'.

Package hyperref Info: Option `pageanchor' set `false' on input line 88.
LaTeX Font Info:    Trying to load font information for T1+qhv on input line 88
.

(/usr/local/texlive/2026basic/texmf-dist/tex/latex/tex-gyre/t1qhv.fd
File: t1qhv.fd 2009/09/25 v1.2 font definition file for T1/qhv
)<<ot1.cmap>>
LaTeX Font Info:    Trying to load font information for U+msa on input line 88.

 (/usr/local/texlive/2026basic/texmf-dist/tex/latex/amsfonts/umsa.fd
File: umsa.fd 2013/01/14 v3.01 AMS symbols A
)
LaTeX Font Info:    Trying to load font information for U+msb on input line 88.


(/usr/local/texlive/2026basic/texmf-dist/tex/latex/amsfonts/umsb.fd
File: umsb.fd 2013/01/14 v3.01 AMS symbols B
) [1

{/usr/local/texlive/2026basic/texmf-var/fonts/map/pdftex/updmap/pdftex.map}{/us
r/local/texlive/2026basic/texmf-dist/fonts/enc/dvips/tex-gyre/q-ec.enc}] [2


]
(./trafficlightcontroller.toc [1

])
\tf@toc=\write6
\openout6 = `trafficlightcontroller.toc'.

 [2]
Chapter 1.
LaTeX Font Info:    Trying to load font information for T1+txtt on input line 1
77.
(/usr/local/texlive/2026basic/texmf-dist/tex/latex/txfonts/t1txtt.fd
File: t1txtt.fd 2000/12/15 v3.1
)
Overfull \hbox (10.73018pt too wide) in paragraph at lines 177--177
[][][]\T1/qtm/m/it/10 pwm_controller[][]| 
 []


Overfull \hbox (4.42856pt too wide) in paragraph at lines 177--177
[]\T1/txtt/m/n/10 pwm_controller.
 []


Underfull \hbox (badness 10000) in paragraph at lines 177--177
[]\T1/txtt/m/n/10 traffic_light.
 []

[1


] [2

]
Chapter 2.
LaTeX Font Info:    Font shape `T1/txtt/b/n' in size <10> not available
(Font)              Font shape `T1/txtt/bx/n' tried instead on input line 199.

Overfull \hbox (1.4246pt too wide) in paragraph at lines 401--401
[]\T1/qhv/m/n/10 Mode| 
 []


Overfull \hbox (2.47952pt too wide) in paragraph at lines 401--401
[]\T1/qtm/m/n/10 duty_cycle| 
 []


Underfull \hbox (badness 10000) in paragraph at lines 401--401
[]\T1/qtm/m/n/10 am-
 []

[3]
Package hyperref Info: bookmark level for unknown literalblock defaults to 0 on
 input line 412.
LaTeX Font Info:    Font shape `T1/txtt/m/it' in size <10> not available
(Font)              Font shape `T1/txtt/m/sl' tried instead on input line 413.

Underfull \vbox (badness 10000) detected at line 505
 []


Overfull \vbox (1.32188pt too high) detected at line 505
 []

[4]
<graphviz-d802ad39e53afc835000ec13414bc0365099d654.pdf, id=667, 316.18124pt x 2
83.0575pt>
File: graphviz-d802ad39e53afc835000ec13414bc0365099d654.pdf Graphic file (type 
pdf)
<use graphviz-d802ad39e53afc835000ec13414bc0365099d654.pdf>
Package pdftex.def Info: graphviz-d802ad39e53afc835000ec13414bc0365099d654.pdf 
 used on input line 515.
(pdftex.def)             Requested size: 316.18047pt x 283.0568pt.
 [5]
Underfull \hbox (badness 10000) in paragraph at lines 710--710
[]\T1/qhv/m/n/10 Di-rec-
 []


Overfull \hbox (5.74377pt too wide) in paragraph at lines 710--710
[]\T1/txtt/m/n/10 duty_cycle| 
 []


Underfull \hbox (badness 10000) in paragraph at lines 710--710
[]\T1/txtt/m/n/10 std_logic_vector(7
 []

[6 <./graphviz-d802ad39e53afc835000ec13414bc0365099d654.pdf>] [7]
LaTeX Font Info:    Trying to load font information for TS1+txtt on input line 
1094.

(/usr/local/texlive/2026basic/texmf-dist/tex/latex/txfonts/ts1txtt.fd
File: ts1txtt.fd 2000/12/15 v3.1
) [8]
Underfull \vbox (badness 10000) detected at line 1171
 []


Underfull \vbox (badness 10000) detected at line 1171
 []

[9]
Underfull \vbox (badness 10000) detected at line 1171
 []


Underfull \vbox (badness 10000) detected at line 1171
 []

[10]
<graphviz-3a35a74b5d338bb5aa92bb616948ebbe144701b4.pdf, id=726, 286.06876pt x 1
99.74625pt>
File: graphviz-3a35a74b5d338bb5aa92bb616948ebbe144701b4.pdf Graphic file (type 
pdf)
<use graphviz-3a35a74b5d338bb5aa92bb616948ebbe144701b4.pdf>
Package pdftex.def Info: graphviz-3a35a74b5d338bb5aa92bb616948ebbe144701b4.pdf 
 used on input line 1181.
(pdftex.def)             Requested size: 286.06805pt x 199.74576pt.
 [11 <./graphviz-3a35a74b5d338bb5aa92bb616948ebbe144701b4.pdf>]
<graphviz-3980ef6e3625b9a55d89d5f99103a9d00e818ae4.pdf, id=760, 596.2275pt x 24
4.915pt>
File: graphviz-3980ef6e3625b9a55d89d5f99103a9d00e818ae4.pdf Graphic file (type 
pdf)
<use graphviz-3980ef6e3625b9a55d89d5f99103a9d00e818ae4.pdf>
Package pdftex.def Info: graphviz-3980ef6e3625b9a55d89d5f99103a9d00e818ae4.pdf 
 used on input line 1358.
(pdftex.def)             Requested size: 469.75908pt x 192.96873pt.
 [12 <./graphviz-3980ef6e3625b9a55d89d5f99103a9d00e818ae4.pdf>]
<wavedrom-ddadb0aa-7c88-46e1-93a3-4cc77a0ae15a.pdf, id=779, 511.9125pt x 158.09
062pt>
File: wavedrom-ddadb0aa-7c88-46e1-93a3-4cc77a0ae15a.pdf Graphic file (type pdf)

<use wavedrom-ddadb0aa-7c88-46e1-93a3-4cc77a0ae15a.pdf>
Package pdftex.def Info: wavedrom-ddadb0aa-7c88-46e1-93a3-4cc77a0ae15a.pdf  use
d on input line 1495.
(pdftex.def)             Requested size: 469.75449pt x 145.08087pt.
<wavedrom-887db0fe-83b0-4916-b576-fd4f0e9d124d.pdf, id=780, 316.18124pt x 90.33
75pt>
File: wavedrom-887db0fe-83b0-4916-b576-fd4f0e9d124d.pdf Graphic file (type pdf)

<use wavedrom-887db0fe-83b0-4916-b576-fd4f0e9d124d.pdf>
Package pdftex.def Info: wavedrom-887db0fe-83b0-4916-b576-fd4f0e9d124d.pdf  use
d on input line 1500.
(pdftex.def)             Requested size: 316.18047pt x 90.33727pt.
<wavedrom-86061beb-ce67-4d24-92af-968b02257bd5.pdf, id=781, 316.18124pt x 158.0
9062pt>
File: wavedrom-86061beb-ce67-4d24-92af-968b02257bd5.pdf Graphic file (type pdf)

<use wavedrom-86061beb-ce67-4d24-92af-968b02257bd5.pdf>
Package pdftex.def Info: wavedrom-86061beb-ce67-4d24-92af-968b02257bd5.pdf  use
d on input line 1505.
(pdftex.def)             Requested size: 316.18047pt x 158.09023pt.
 [13 <./wavedrom-ddadb0aa-7c88-46e1-93a3-4cc77a0ae15a.pdf> <./wavedrom-887db0fe
-83b0-4916-b576-fd4f0e9d124d.pdf

pdfTeX warning: pdflatex (file ./wavedrom-887db0fe-83b0-4916-b576-fd4f0e9d124d.
pdf): PDF inclusion: multiple pdfs with page group included in a single page
> <./wavedrom-86061beb-ce67-4d24-92af-968b02257bd5.pdf

pdfTeX warning: pdflatex (file ./wavedrom-86061beb-ce67-4d24-92af-968b02257bd5.
pdf): PDF inclusion: multiple pdfs with page group included in a single page
>]
<wavedrom-6f7a75a2-d3aa-4b98-b094-96ca2099af8a.pdf, id=808, 316.18124pt x 158.0
9062pt>
File: wavedrom-6f7a75a2-d3aa-4b98-b094-96ca2099af8a.pdf Graphic file (type pdf)

<use wavedrom-6f7a75a2-d3aa-4b98-b094-96ca2099af8a.pdf>
Package pdftex.def Info: wavedrom-6f7a75a2-d3aa-4b98-b094-96ca2099af8a.pdf  use
d on input line 1535.
(pdftex.def)             Requested size: 316.18047pt x 158.09023pt.
<wavedrom-78510f7c-d858-456b-8434-2328007a0a78.pdf, id=809, 511.9125pt x 158.09
062pt>
File: wavedrom-78510f7c-d858-456b-8434-2328007a0a78.pdf Graphic file (type pdf)

<use wavedrom-78510f7c-d858-456b-8434-2328007a0a78.pdf>
Package pdftex.def Info: wavedrom-78510f7c-d858-456b-8434-2328007a0a78.pdf  use
d on input line 1582.
(pdftex.def)             Requested size: 469.75449pt x 145.08087pt.
 [14 <./wavedrom-6f7a75a2-d3aa-4b98-b094-96ca2099af8a.pdf>]
<wavedrom-cffb01aa-923b-4822-97ed-880f7d359253.pdf, id=822, 316.18124pt x 90.33
75pt>
File: wavedrom-cffb01aa-923b-4822-97ed-880f7d359253.pdf Graphic file (type pdf)

<use wavedrom-cffb01aa-923b-4822-97ed-880f7d359253.pdf>
Package pdftex.def Info: wavedrom-cffb01aa-923b-4822-97ed-880f7d359253.pdf  use
d on input line 1632.
(pdftex.def)             Requested size: 316.18047pt x 90.33727pt.
 [15 <./wavedrom-78510f7c-d858-456b-8434-2328007a0a78.pdf> <./wavedrom-cffb01aa
-923b-4822-97ed-880f7d359253.pdf

pdfTeX warning: pdflatex (file ./wavedrom-cffb01aa-923b-4822-97ed-880f7d359253.
pdf): PDF inclusion: multiple pdfs with page group included in a single page
>] [16]
Overfull \hbox (3.94827pt too wide) in paragraph at lines 1999--1999
[]\T1/qhv/m/n/10 Mode| 
 []


Overfull \hbox (1.672pt too wide) in paragraph at lines 1999--1999
[]\T1/qtm/m/n/10 mode_sel| 
 []


Overfull \hbox (6.87198pt too wide) in paragraph at lines 1999--1999
[]\T1/qtm/m/n/10 duty_cycle| 
 []


Underfull \hbox (badness 10000) in paragraph at lines 1999--1999
[]\T1/qtm/m/n/10 std_logic_vector(7
 []


Overfull \hbox (3.342pt too wide) in paragraph at lines 1999--1999
[]\T1/qtm/m/n/10 blinky_en| 
 []


Overfull \hbox (6.122pt too wide) in paragraph at lines 1999--1999
[]\T1/qtm/m/n/10 pwm_duty| 
 []


Underfull \hbox (badness 10000) in paragraph at lines 1999--1999
[]\T1/qtm/m/n/10 std_logic_vector(7
 []

[17]
Underfull \vbox (badness 10000) detected at line 2124
 []


Underfull \vbox (badness 10000) detected at line 2124
 []

[18]
<graphviz-6311cdc4736c889aebe6d03695826e6cbf742556.pdf, id=866, 314.17375pt x 2
55.95625pt>
File: graphviz-6311cdc4736c889aebe6d03695826e6cbf742556.pdf Graphic file (type 
pdf)
<use graphviz-6311cdc4736c889aebe6d03695826e6cbf742556.pdf>
Package pdftex.def Info: graphviz-6311cdc4736c889aebe6d03695826e6cbf742556.pdf 
 used on input line 2134.
(pdftex.def)             Requested size: 314.17297pt x 255.95561pt.
 [19]
Underfull \hbox (badness 10000) in paragraph at lines 2264--2264
[]\T1/qhv/m/n/10 Di-rec-
 []


Overfull \hbox (1.42995pt too wide) in paragraph at lines 2264--2264
[]\T1/txtt/m/n/10 duty_cycle| 
 []


Underfull \hbox (badness 10000) in paragraph at lines 2264--2264
[]\T1/txtt/m/n/10 std_logic_vector(7 downto
 []


Underfull \hbox (badness 10000) in paragraph at lines 2264--2264
[]\T1/txtt/m/n/10 std_logic_vector(7 downto
 []


Overfull \hbox (3.97595pt too wide) in paragraph at lines 2329--2329
[]\T1/txtt/m/n/10 duty_cycle_r| 
 []


Underfull \hbox (badness 10000) in paragraph at lines 2329--2329
[]\T1/txtt/m/n/10 std_logic_vector(7 downto
 []


Underfull \hbox (badness 10000) in paragraph at lines 2329--2329
[]\T1/qtm/m/n/10 sys_clk do-main: two-flop syn-chro-niser pipeline for
 []

[20 <./graphviz-6311cdc4736c889aebe6d03695826e6cbf742556.pdf>]
<wavedrom-e67814fc-b396-4cfc-8b26-755af20b7728.pdf, id=904, 376.40625pt x 112.9
2188pt>
File: wavedrom-e67814fc-b396-4cfc-8b26-755af20b7728.pdf Graphic file (type pdf)

<use wavedrom-e67814fc-b396-4cfc-8b26-755af20b7728.pdf>
Package pdftex.def Info: wavedrom-e67814fc-b396-4cfc-8b26-755af20b7728.pdf  use
d on input line 2359.
(pdftex.def)             Requested size: 376.40532pt x 112.92159pt.
 [21 <./wavedrom-e67814fc-b396-4cfc-8b26-755af20b7728.pdf>]
<wavedrom-29f22493-0a11-42d2-8406-c28242e1dd53.pdf, id=918, 376.40625pt x 112.9
2188pt>
File: wavedrom-29f22493-0a11-42d2-8406-c28242e1dd53.pdf Graphic file (type pdf)

<use wavedrom-29f22493-0a11-42d2-8406-c28242e1dd53.pdf>
Package pdftex.def Info: wavedrom-29f22493-0a11-42d2-8406-c28242e1dd53.pdf  use
d on input line 2427.
(pdftex.def)             Requested size: 376.40532pt x 112.92159pt.
 [22 <./wavedrom-29f22493-0a11-42d2-8406-c28242e1dd53.pdf>]
<graphviz-5a791f3e04122653b5abf1d5071ed5c3f73a1f6a.pdf, id=937, 378.41376pt x 2
24.84pt>
File: graphviz-5a791f3e04122653b5abf1d5071ed5c3f73a1f6a.pdf Graphic file (type 
pdf)
<use graphviz-5a791f3e04122653b5abf1d5071ed5c3f73a1f6a.pdf>
Package pdftex.def Info: graphviz-5a791f3e04122653b5abf1d5071ed5c3f73a1f6a.pdf 
 used on input line 2573.
(pdftex.def)             Requested size: 378.41283pt x 224.83945pt.
 [23 <./graphviz-5a791f3e04122653b5abf1d5071ed5c3f73a1f6a.pdf>]
<graphviz-8317642799b9cbdfa85156f5e4c8d7ddf1067180.pdf, id=963, 375.4025pt x 22
4.84pt>
File: graphviz-8317642799b9cbdfa85156f5e4c8d7ddf1067180.pdf Graphic file (type 
pdf)
<use graphviz-8317642799b9cbdfa85156f5e4c8d7ddf1067180.pdf>
Package pdftex.def Info: graphviz-8317642799b9cbdfa85156f5e4c8d7ddf1067180.pdf 
 used on input line 2678.
(pdftex.def)             Requested size: 375.40158pt x 224.83945pt.
 [24 <./graphviz-8317642799b9cbdfa85156f5e4c8d7ddf1067180.pdf>]
Overfull \vbox (0.83221pt too high) detected at line 2940
 []

[25]
Underfull \vbox (badness 10000) detected at line 2940
 []


Underfull \vbox (badness 10000) detected at line 2940
 []

[26]
<graphviz-f851d42e732e5bee6a4675c4d5b5e2dbd52a44ae.pdf, id=1006, 355.3275pt x 2
73.02pt>
File: graphviz-f851d42e732e5bee6a4675c4d5b5e2dbd52a44ae.pdf Graphic file (type 
pdf)
<use graphviz-f851d42e732e5bee6a4675c4d5b5e2dbd52a44ae.pdf>
Package pdftex.def Info: graphviz-f851d42e732e5bee6a4675c4d5b5e2dbd52a44ae.pdf 
 used on input line 2950.
(pdftex.def)             Requested size: 355.32661pt x 273.01933pt.
 [27] [28 <./graphviz-f851d42e732e5bee6a4675c4d5b5e2dbd52a44ae.pdf>]
<graphviz-16816bcd5aea38aa875e2a74fcf8d3e6e89ad750.pdf, id=1045, 516.93124pt x 
224.84pt>
File: graphviz-16816bcd5aea38aa875e2a74fcf8d3e6e89ad750.pdf Graphic file (type 
pdf)
<use graphviz-16816bcd5aea38aa875e2a74fcf8d3e6e89ad750.pdf>
Package pdftex.def Info: graphviz-16816bcd5aea38aa875e2a74fcf8d3e6e89ad750.pdf 
 used on input line 3145.
(pdftex.def)             Requested size: 469.76926pt x 204.33025pt.
<wavedrom-9a468f54-3572-42c2-96e4-9b73fe5015da.pdf, id=1046, 526.96875pt x 112.
92188pt>
File: wavedrom-9a468f54-3572-42c2-96e4-9b73fe5015da.pdf Graphic file (type pdf)

<use wavedrom-9a468f54-3572-42c2-96e4-9b73fe5015da.pdf>
Package pdftex.def Info: wavedrom-9a468f54-3572-42c2-96e4-9b73fe5015da.pdf  use
d on input line 3270.
(pdftex.def)             Requested size: 469.78067pt x 100.66727pt.

[29 <./graphviz-16816bcd5aea38aa875e2a74fcf8d3e6e89ad750.pdf>]
<wavedrom-264c6488-aafd-49b5-9c36-025d3de72911.pdf, id=1073, 286.06876pt x 112.
92188pt>
File: wavedrom-264c6488-aafd-49b5-9c36-025d3de72911.pdf Graphic file (type pdf)

<use wavedrom-264c6488-aafd-49b5-9c36-025d3de72911.pdf>
Package pdftex.def Info: wavedrom-264c6488-aafd-49b5-9c36-025d3de72911.pdf  use
d on input line 3275.
(pdftex.def)             Requested size: 286.06805pt x 112.92159pt.
<wavedrom-a99cfaac-885d-4ec4-b91e-df10ea9349ab.pdf, id=1074, 316.18124pt x 112.
92188pt>
File: wavedrom-a99cfaac-885d-4ec4-b91e-df10ea9349ab.pdf Graphic file (type pdf)

<use wavedrom-a99cfaac-885d-4ec4-b91e-df10ea9349ab.pdf>
Package pdftex.def Info: wavedrom-a99cfaac-885d-4ec4-b91e-df10ea9349ab.pdf  use
d on input line 3280.
(pdftex.def)             Requested size: 316.18047pt x 112.92159pt.
 [30 <./wavedrom-9a468f54-3572-42c2-96e4-9b73fe5015da.pdf> <./wavedrom-264c6488
-aafd-49b5-9c36-025d3de72911.pdf

pdfTeX warning: pdflatex (file ./wavedrom-264c6488-aafd-49b5-9c36-025d3de72911.
pdf): PDF inclusion: multiple pdfs with page group included in a single page
> <./wavedrom-a99cfaac-885d-4ec4-b91e-df10ea9349ab.pdf

pdfTeX warning: pdflatex (file ./wavedrom-a99cfaac-885d-4ec4-b91e-df10ea9349ab.
pdf): PDF inclusion: multiple pdfs with page group included in a single page
>]
<wavedrom-ae295d3c-0ced-411b-a668-fd734910abbd.pdf, id=1101, 316.18124pt x 112.
92188pt>
File: wavedrom-ae295d3c-0ced-411b-a668-fd734910abbd.pdf Graphic file (type pdf)

<use wavedrom-ae295d3c-0ced-411b-a668-fd734910abbd.pdf>
Package pdftex.def Info: wavedrom-ae295d3c-0ced-411b-a668-fd734910abbd.pdf  use
d on input line 3311.
(pdftex.def)             Requested size: 316.18047pt x 112.92159pt.
<wavedrom-826c4c8e-a06f-408b-9ad2-9f24429eccc2.pdf, id=1102, 526.96875pt x 112.
92188pt>
File: wavedrom-826c4c8e-a06f-408b-9ad2-9f24429eccc2.pdf Graphic file (type pdf)

<use wavedrom-826c4c8e-a06f-408b-9ad2-9f24429eccc2.pdf>
Package pdftex.def Info: wavedrom-826c4c8e-a06f-408b-9ad2-9f24429eccc2.pdf  use
d on input line 3360.
(pdftex.def)             Requested size: 469.78067pt x 100.66727pt.
 [31 <./wavedrom-ae295d3c-0ced-411b-a668-fd734910abbd.pdf> <./wavedrom-826c4c8e
-a06f-408b-9ad2-9f24429eccc2.pdf

pdfTeX warning: pdflatex (file ./wavedrom-826c4c8e-a06f-408b-9ad2-9f24429eccc2.
pdf): PDF inclusion: multiple pdfs with page group included in a single page
>]
<wavedrom-4cd731a7-bab9-4f09-bbd3-3edb7c17d3ff.pdf, id=1122, 286.06876pt x 112.
92188pt>
File: wavedrom-4cd731a7-bab9-4f09-bbd3-3edb7c17d3ff.pdf Graphic file (type pdf)

<use wavedrom-4cd731a7-bab9-4f09-bbd3-3edb7c17d3ff.pdf>
Package pdftex.def Info: wavedrom-4cd731a7-bab9-4f09-bbd3-3edb7c17d3ff.pdf  use
d on input line 3406.
(pdftex.def)             Requested size: 286.06805pt x 112.92159pt.
 [32 <./wavedrom-4cd731a7-bab9-4f09-bbd3-3edb7c17d3ff.pdf>]
Overfull \hbox (9.61304pt too wide) in paragraph at lines 3690--3690
[]\T1/qtm/m/n/10 CLK_FREQ_HZ| 
 []


Underfull \hbox (badness 10000) in paragraph at lines 3690--3690
[]\T1/qtm/m/n/10 nat-u-
 []


Overfull \hbox (6.97708pt too wide) in paragraph at lines 3690--3690
[]\T1/qtm/m/n/10 50_000_000| 
 []


Underfull \hbox (badness 10000) in paragraph at lines 3690--3690
[]\T1/qtm/m/n/10 nat-u-
 []


Underfull \hbox (badness 10000) in paragraph at lines 3690--3690
[]\T1/qtm/m/n/10 nat-u-
 []

[33]
Overfull \hbox (2.13745pt too wide) in paragraph at lines 3808--3808
[]\T1/qhv/m/n/10 Type| 
 []


Overfull \hbox (10.01366pt too wide) in paragraph at lines 3808--3808
[]\T1/qhv/m/n/10 Mode| 
 []


Overfull \hbox (17.42747pt too wide) in paragraph at lines 3808--3808
[]\T1/qtm/m/n/10 std_logic| 
 []


Overfull \hbox (17.42747pt too wide) in paragraph at lines 3808--3808
[]\T1/qtm/m/n/10 std_logic| 
 []


Overfull \hbox (17.83998pt too wide) in paragraph at lines 3808--3808
[]\T1/qtm/m/n/10 timer_exp| 
 []


Overfull \hbox (17.42747pt too wide) in paragraph at lines 3808--3808
[]\T1/qtm/m/n/10 std_logic| 
 []


Overfull \hbox (0.97pt too wide) in paragraph at lines 3808--3808
[]\T1/qtm/m/n/10 por_n| 
 []


Overfull \hbox (17.42747pt too wide) in paragraph at lines 3808--3808
[]\T1/qtm/m/n/10 std_logic| 
 []


Overfull \hbox (8.19pt too wide) in paragraph at lines 3808--3808
[]\T1/qtm/m/n/10 red_out| 
 []


Overfull \hbox (17.42747pt too wide) in paragraph at lines 3808--3808
[]\T1/qtm/m/n/10 std_logic| 
 []


Underfull \hbox (badness 10000) in paragraph at lines 3808--3808
[]\T1/qtm/m/n/10 am-
 []


Overfull \hbox (8.19pt too wide) in paragraph at lines 3808--3808
\T1/qtm/m/n/10 ber_out| 
 []


Overfull \hbox (17.42747pt too wide) in paragraph at lines 3808--3808
[]\T1/qtm/m/n/10 std_logic| 
 []


Overfull \hbox (17.73pt too wide) in paragraph at lines 3808--3808
[]\T1/qtm/m/n/10 green_out| 
 []


Overfull \hbox (17.42747pt too wide) in paragraph at lines 3808--3808
[]\T1/qtm/m/n/10 std_logic| 
 []

[34]
Underfull \vbox (badness 10000) detected at line 4020
 []


Underfull \vbox (badness 10000) detected at line 4020
 []

[35]
Underfull \vbox (badness 10000) detected at line 4020
 []


Underfull \vbox (badness 10000) detected at line 4020
 []

[36]
Underfull \vbox (badness 10000) detected at line 4020
 []


Underfull \vbox (badness 10000) detected at line 4020
 []

[37]
<graphviz-06d72e7c812744830a8a84e65f8175df442121b0.pdf, id=1164, 296.10625pt x 
321.2pt>
File: graphviz-06d72e7c812744830a8a84e65f8175df442121b0.pdf Graphic file (type 
pdf)
<use graphviz-06d72e7c812744830a8a84e65f8175df442121b0.pdf>
Package pdftex.def Info: graphviz-06d72e7c812744830a8a84e65f8175df442121b0.pdf 
 used on input line 4030.
(pdftex.def)             Requested size: 296.10551pt x 321.19922pt.
 [38 <./graphviz-06d72e7c812744830a8a84e65f8175df442121b0.pdf>]
Overfull \hbox (4.96642pt too wide) in paragraph at lines 4214--4214
[]\T1/txtt/m/n/10 CLK_FREQ_HZ| 
 []


Overfull \hbox (3.16045pt too wide) in paragraph at lines 4214--4214
[]\T1/txtt/m/n/10 natural| 
 []


Overfull \hbox (4.51492pt too wide) in paragraph at lines 4214--4214
[]\T1/txtt/m/n/10 50_000_000| 
 []


Overfull \hbox (3.16045pt too wide) in paragraph at lines 4214--4214
[]\T1/txtt/m/n/10 natural| 
 []


Overfull \hbox (3.16045pt too wide) in paragraph at lines 4214--4214
[]\T1/txtt/m/n/10 natural| 
 []


Overfull \hbox (4.46445pt too wide) in paragraph at lines 4269--4269
[]\T1/txtt/m/n/10 next_state| 
 []


Underfull \hbox (badness 10000) in paragraph at lines 4269--4269
[]\T1/txtt/m/n/10 std_logic_vector(15 downto
 []

<graphviz-1b1fd1f28babf652a7356498f48becf7356644e8.pdf, id=1199, 766.865pt x 24
2.9075pt>
File: graphviz-1b1fd1f28babf652a7356498f48becf7356644e8.pdf Graphic file (type 
pdf)
<use graphviz-1b1fd1f28babf652a7356498f48becf7356644e8.pdf>
Package pdftex.def Info: graphviz-1b1fd1f28babf652a7356498f48becf7356644e8.pdf 
 used on input line 4284.
(pdftex.def)             Requested size: 469.76451pt x 148.79604pt.
[39 <./graphviz-1b1fd1f28babf652a7356498f48becf7356644e8.pdf>]
<wavedrom-023eca2f-5c96-4cf1-8a6d-03e6080d22c7.pdf, id=1226, 391.4625pt x 135.5
0626pt>
File: wavedrom-023eca2f-5c96-4cf1-8a6d-03e6080d22c7.pdf Graphic file (type pdf)

<use wavedrom-023eca2f-5c96-4cf1-8a6d-03e6080d22c7.pdf>
Package pdftex.def Info: wavedrom-023eca2f-5c96-4cf1-8a6d-03e6080d22c7.pdf  use
d on input line 4444.
(pdftex.def)             Requested size: 391.46153pt x 135.5059pt.
<wavedrom-4e91dd47-c15d-4f75-a65d-270f2cffc8d1.pdf, id=1227, 331.2375pt x 90.33
75pt>
File: wavedrom-4e91dd47-c15d-4f75-a65d-270f2cffc8d1.pdf Graphic file (type pdf)

<use wavedrom-4e91dd47-c15d-4f75-a65d-270f2cffc8d1.pdf>
Package pdftex.def Info: wavedrom-4e91dd47-c15d-4f75-a65d-270f2cffc8d1.pdf  use
d on input line 4449.
(pdftex.def)             Requested size: 331.23668pt x 90.33727pt.
 [40 <./wavedrom-023eca2f-5c96-4cf1-8a6d-03e6080d22c7.pdf> <./wavedrom-4e91dd47
-c15d-4f75-a65d-270f2cffc8d1.pdf

pdfTeX warning: pdflatex (file ./wavedrom-4e91dd47-c15d-4f75-a65d-270f2cffc8d1.
pdf): PDF inclusion: multiple pdfs with page group included in a single page
>]
<wavedrom-c20bdcef-b1ba-4219-9e9f-7b796b00b9b4.pdf, id=1247, 301.125pt x 90.337
5pt>
File: wavedrom-c20bdcef-b1ba-4219-9e9f-7b796b00b9b4.pdf Graphic file (type pdf)

<use wavedrom-c20bdcef-b1ba-4219-9e9f-7b796b00b9b4.pdf>
Package pdftex.def Info: wavedrom-c20bdcef-b1ba-4219-9e9f-7b796b00b9b4.pdf  use
d on input line 4454.
(pdftex.def)             Requested size: 301.12425pt x 90.33727pt.
<wavedrom-1fa81a18-a3f3-40c1-9a1f-2068508df147.pdf, id=1248, 301.125pt x 90.337
5pt>
File: wavedrom-1fa81a18-a3f3-40c1-9a1f-2068508df147.pdf Graphic file (type pdf)

<use wavedrom-1fa81a18-a3f3-40c1-9a1f-2068508df147.pdf>
Package pdftex.def Info: wavedrom-1fa81a18-a3f3-40c1-9a1f-2068508df147.pdf  use
d on input line 4485.
(pdftex.def)             Requested size: 301.12425pt x 90.33727pt.
 [41 <./wavedrom-c20bdcef-b1ba-4219-9e9f-7b796b00b9b4.pdf> <./wavedrom-1fa81a18
-a3f3-40c1-9a1f-2068508df147.pdf

pdfTeX warning: pdflatex (file ./wavedrom-1fa81a18-a3f3-40c1-9a1f-2068508df147.
pdf): PDF inclusion: multiple pdfs with page group included in a single page
>]
<wavedrom-1d7049b9-d708-4e44-ba13-350239cd334f.pdf, id=1268, 391.4625pt x 135.5
0626pt>
File: wavedrom-1d7049b9-d708-4e44-ba13-350239cd334f.pdf Graphic file (type pdf)

<use wavedrom-1d7049b9-d708-4e44-ba13-350239cd334f.pdf>
Package pdftex.def Info: wavedrom-1d7049b9-d708-4e44-ba13-350239cd334f.pdf  use
d on input line 4534.
(pdftex.def)             Requested size: 391.46153pt x 135.5059pt.
 [42 <./wavedrom-1d7049b9-d708-4e44-ba13-350239cd334f.pdf>]
<wavedrom-2f0fc4c6-917b-46db-98a9-dda153dc52c0.pdf, id=1281, 331.2375pt x 90.33
75pt>
File: wavedrom-2f0fc4c6-917b-46db-98a9-dda153dc52c0.pdf Graphic file (type pdf)

<use wavedrom-2f0fc4c6-917b-46db-98a9-dda153dc52c0.pdf>
Package pdftex.def Info: wavedrom-2f0fc4c6-917b-46db-98a9-dda153dc52c0.pdf  use
d on input line 4649.
(pdftex.def)             Requested size: 331.23668pt x 90.33727pt.
 [43 <./wavedrom-2f0fc4c6-917b-46db-98a9-dda153dc52c0.pdf>] [44]
<graphviz-c08a50fb905d87605775bb153dc04b175805e92a.pdf, id=1307, 325.215pt x 17
0.6375pt>
File: graphviz-c08a50fb905d87605775bb153dc04b175805e92a.pdf Graphic file (type 
pdf)
<use graphviz-c08a50fb905d87605775bb153dc04b175805e92a.pdf>
Package pdftex.def Info: graphviz-c08a50fb905d87605775bb153dc04b175805e92a.pdf 
 used on input line 4858.
(pdftex.def)             Requested size: 325.2142pt x 170.63707pt.
 [45 <./graphviz-c08a50fb905d87605775bb153dc04b175805e92a.pdf>] [46

]
Chapter 3.
<graphviz-0b2a6de41f37565b502bd4d4ee23cb1efb302f73.pdf, id=1344, 425.59pt x 188
.705pt>
File: graphviz-0b2a6de41f37565b502bd4d4ee23cb1efb302f73.pdf Graphic file (type 
pdf)
<use graphviz-0b2a6de41f37565b502bd4d4ee23cb1efb302f73.pdf>
Package pdftex.def Info: graphviz-0b2a6de41f37565b502bd4d4ee23cb1efb302f73.pdf 
 used on input line 4966.
(pdftex.def)             Requested size: 425.58894pt x 188.70453pt.

Underfull \hbox (badness 10000) in paragraph at lines 5057--5057
[]\T1/qhv/m/n/10 Par-
 []


Overfull \hbox (2.4765pt too wide) in paragraph at lines 5057--5057
[][][]\T1/qtm/m/it/10 pwm_controller[][]| 
 []


Underfull \hbox (badness 10000) in paragraph at lines 5057--5057
[]\T1/txtt/m/n/10 src/pwm_controller.
 []


Underfull \hbox (badness 10000) in paragraph at lines 5057--5057
[]\T1/txtt/m/n/10 blinky\T1/qtm/m/n/10 , \T1/txtt/m/n/10 cfg_sync\T1/qtm/m/n/10
 , \T1/txtt/m/n/10 pwm_controller\T1/qtm/m/n/10 ,
 []


Underfull \hbox (badness 10000) in paragraph at lines 5057--5057
[]\T1/txtt/m/n/10 src/traffic_light.
 []

[47 <./graphviz-0b2a6de41f37565b502bd4d4ee23cb1efb302f73.pdf>] [48

]
Chapter 4.
LaTeX Font Info:    Trying to load font information for TS1+qtm on input line 5
064.
(/usr/local/texlive/2026basic/texmf-dist/tex/latex/tex-gyre/ts1qtm.fd
File: ts1qtm.fd 2009/09/25 v1.2 font definition file for TS1/qtm
)

Package sphinx Warning: The package pict2e is required for rounded boxes.
(sphinx)                As it does not seem to be available on your system,
(sphinx)                options setting radii have all been ignored.


Package sphinx Warning: The package ellipse is required for elliptical corners.

(sphinx)                As it does not seem to be available on your system,
(sphinx)                all non-straight corners have used circle arcs..

[49{/usr/local/texlive/2026basic/texmf-dist/fonts/enc/dvips/tex-gyre/q-ts1.enc}
] (./trafficlightcontroller.aux)
 ***********
LaTeX2e <2025-11-01>
L3 programming layer <2026-01-19>
 ***********
Package rerunfilecheck Info: File `trafficlightcontroller.out' has not changed.

(rerunfilecheck)             Checksum: A73018F2F2B709ABBCE0E1476DA1BA03;19570.
 ) 
Here is how much of TeX's memory you used:
 17544 strings out of 469006
 316251 string characters out of 5454814
 1021212 words of memory out of 5000000
 45691 multiletter control sequences out of 15000+600000
 699248 words of font info for 89 fonts, out of 8000000 for 9000
 320 hyphenation exceptions out of 8191
 72i,20n,82p,1211b,680s stack positions out of 10000i,1000n,20000p,200000b,200000s
</usr/local/texlive/2026basic/texmf-dist/fonts/type1/public/amsfonts/cm/cmmi5
.pfb></usr/local/texlive/2026basic/texmf-dist/fonts/type1/public/amsfonts/cm/cm
sy10.pfb></usr/local/texlive/2026basic/texmf-dist/fonts/type1/public/amsfonts/c
m/cmsy5.pfb></usr/local/texlive/2026basic/texmf-dist/fonts/type1/public/amsfont
s/symbols/msam10.pfb></usr/local/texlive/2026basic/texmf-dist/fonts/type1/publi
c/tex-gyre/qhvb.pfb></usr/local/texlive/2026basic/texmf-dist/fonts/type1/public
/tex-gyre/qhvbi.pfb></usr/local/texlive/2026basic/texmf-dist/fonts/type1/public
/tex-gyre/qhvr.pfb></usr/local/texlive/2026basic/texmf-dist/fonts/type1/public/
tex-gyre/qtmb.pfb></usr/local/texlive/2026basic/texmf-dist/fonts/type1/public/t
ex-gyre/qtmr.pfb></usr/local/texlive/2026basic/texmf-dist/fonts/type1/public/te
x-gyre/qtmri.pfb></usr/local/texlive/2026basic/texmf-dist/fonts/type1/public/tx
fonts/t1xbtt.pfb></usr/local/texlive/2026basic/texmf-dist/fonts/type1/public/tx
fonts/t1xtt.pfb></usr/local/texlive/2026basic/texmf-dist/fonts/type1/public/txf
onts/t1xtt.pfb></usr/local/texlive/2026basic/texmf-dist/fonts/type1/public/txfo
nts/tcxtt.pfb>
Output written on trafficlightcontroller.pdf (53 pages, 687798 bytes).
PDF statistics:
 1485 PDF objects out of 1728 (max. 8388607)
 1218 compressed objects within 13 object streams
 201 named destinations out of 1000 (max. 500000)
 1273 words of extra memory for PDF output out of 10000 (max. 10000000)

