\BOOKMARK [0][-]{chapter.1}{\376\377\000t\000e\000s\000t\0001\0002\0003\000\040\040\024\000\040\000O\000v\000e\000r\000v\000i\000e\000w}{}% 1
\BOOKMARK [1][-]{section.1.1}{\376\377\000M\000o\000d\000u\000l\000e\000s}{chapter.1}% 2
\BOOKMARK [0][-]{chapter.2}{\376\377\000t\000o\000p}{}% 3
\BOOKMARK [1][-]{section.2.1}{\376\377\000t\000o\000p\000\040\040\024\000\040\000E\000n\000t\000i\000t\000y}{chapter.2}% 4
\BOOKMARK [2][-]{subsection.2.1.1}{\376\377\000A\000n\000n\000o\000t\000a\000t\000e\000d\000\040\000S\000o\000u\000r\000c\000e}{section.2.1}% 5
\BOOKMARK [1][-]{section.2.2}{\376\377\000t\000o\000p\000\040\040\024\000\040\000B\000l\000o\000c\000k\000\040\000D\000i\000a\000g\000r\000a\000m}{chapter.2}% 6
\BOOKMARK [2][-]{subsection.2.2.1}{\376\377\000P\000o\000r\000t\000s}{section.2.2}% 7
\BOOKMARK [2][-]{subsection.2.2.2}{\376\377\000S\000i\000g\000n\000a\000l\000s}{section.2.2}% 8
\BOOKMARK [1][-]{section.2.3}{\376\377\000t\000o\000p\000\040\040\024\000\040\000S\000t\000a\000t\000e\000\040\000M\000a\000c\000h\000i\000n\000e}{chapter.2}% 9
\BOOKMARK [1][-]{section.2.4}{\376\377\000t\000o\000p\000\040\040\024\000\040\000T\000i\000m\000i\000n\000g\000\040\000D\000i\000a\000g\000r\000a\000m\000s}{chapter.2}% 10
\BOOKMARK [1][-]{section.2.5}{\376\377\000t\000o\000p\000\040\040\024\000\040\000C\000l\000o\000c\000k\000\040\000D\000o\000m\000a\000i\000n\000\040\000A\000n\000a\000l\000y\000s\000i\000s}{chapter.2}% 11
\BOOKMARK [1][-]{section.2.6}{\376\377\000t\000o\000p\000\040\040\024\000\040\000R\000e\000s\000e\000t\000\040\000D\000o\000m\000a\000i\000n\000\040\000A\000n\000a\000l\000y\000s\000i\000s}{chapter.2}% 12
\BOOKMARK [1][-]{section.2.7}{\376\377\000R\000e\000g\000i\000s\000t\000e\000r\000s}{chapter.2}% 13
\BOOKMARK [1][-]{section.2.8}{\376\377\000S\000u\000b\000m\000o\000d\000u\000l\000e\000s}{chapter.2}% 14
\BOOKMARK [2][-]{subsection.2.8.1}{\376\377\000b\000l\000i\000n\000k\000y}{section.2.8}% 15
\BOOKMARK [3][-]{subsubsection.2.8.1.1}{\376\377\000b\000l\000i\000n\000k\000y\000\040\040\024\000\040\000E\000n\000t\000i\000t\000y}{subsection.2.8.1}% 16
\BOOKMARK [4][-]{paragraph*.5}{\376\377\000A\000n\000n\000o\000t\000a\000t\000e\000d\000\040\000S\000o\000u\000r\000c\000e}{subsubsection.2.8.1.1}% 17
\BOOKMARK [3][-]{subsubsection.2.8.1.2}{\376\377\000b\000l\000i\000n\000k\000y\000\040\040\024\000\040\000B\000l\000o\000c\000k\000\040\000D\000i\000a\000g\000r\000a\000m}{subsection.2.8.1}% 18
\BOOKMARK [4][-]{paragraph*.6}{\376\377\000P\000o\000r\000t\000s}{subsubsection.2.8.1.2}% 19
\BOOKMARK [4][-]{paragraph*.7}{\376\377\000S\000i\000g\000n\000a\000l\000s}{subsubsection.2.8.1.2}% 20
\BOOKMARK [3][-]{subsubsection.2.8.1.3}{\376\377\000b\000l\000i\000n\000k\000y\000\040\000S\000t\000a\000t\000e\000\040\000M\000a\000c\000h\000i\000n\000e}{subsection.2.8.1}% 21
\BOOKMARK [4][-]{paragraph*.8}{\376\377\000S\000t\000a\000t\000e\000\040\000T\000r\000a\000n\000s\000i\000t\000i\000o\000n\000\040\000D\000i\000a\000g\000r\000a\000m}{subsubsection.2.8.1.3}% 22
\BOOKMARK [4][-]{paragraph*.9}{\376\377\000S\000t\000a\000t\000e\000\040\000O\000u\000t\000p\000u\000t\000\040\000T\000a\000b\000l\000e}{subsubsection.2.8.1.3}% 23
\BOOKMARK [4][-]{paragraph*.10}{\376\377\000T\000r\000a\000n\000s\000i\000t\000i\000o\000n\000s}{subsubsection.2.8.1.3}% 24
\BOOKMARK [3][-]{subsubsection.2.8.1.4}{\376\377\000b\000l\000i\000n\000k\000y\000\040\040\024\000\040\000T\000i\000m\000i\000n\000g\000\040\000D\000i\000a\000g\000r\000a\000m\000s}{subsection.2.8.1}% 25
\BOOKMARK [4][-]{paragraph*.11}{\376\377\000P\000\040\000N\000e\000x\000t\000\040\000S\000t\000a\000t\000e}{subsubsection.2.8.1.4}% 26
\BOOKMARK [4][-]{paragraph*.12}{\376\377\000P\000\040\000O\000u\000t\000p\000u\000t\000s}{subsubsection.2.8.1.4}% 27
\BOOKMARK [4][-]{paragraph*.13}{\376\377\000P\000\040\000S\000t\000a\000t\000e\000\040\000R\000e\000g}{subsubsection.2.8.1.4}% 28
\BOOKMARK [3][-]{subsubsection.2.8.1.5}{\376\377\000P\000r\000o\000c\000e\000s\000s\000e\000s}{subsection.2.8.1}% 29
\BOOKMARK [4][-]{paragraph*.14}{\376\377\000p\000\137\000s\000t\000a\000t\000e\000\137\000r\000e\000g}{subsubsection.2.8.1.5}% 30
\BOOKMARK [5][-]{subparagraph*.15}{\376\377\000D\000e\000s\000c\000r\000i\000p\000t\000i\000o\000n}{paragraph*.14}% 31
\BOOKMARK [5][-]{subparagraph*.16}{\376\377\000S\000o\000u\000r\000c\000e}{paragraph*.14}% 32
\BOOKMARK [4][-]{paragraph*.17}{\376\377\000p\000\137\000n\000e\000x\000t\000\137\000s\000t\000a\000t\000e}{subsubsection.2.8.1.5}% 33
\BOOKMARK [5][-]{subparagraph*.18}{\376\377\000D\000e\000s\000c\000r\000i\000p\000t\000i\000o\000n}{paragraph*.17}% 34
\BOOKMARK [5][-]{subparagraph*.19}{\376\377\000S\000o\000u\000r\000c\000e}{paragraph*.17}% 35
\BOOKMARK [4][-]{paragraph*.20}{\376\377\000p\000\137\000o\000u\000t\000p\000u\000t\000s}{subsubsection.2.8.1.5}% 36
\BOOKMARK [5][-]{subparagraph*.21}{\376\377\000D\000e\000s\000c\000r\000i\000p\000t\000i\000o\000n}{paragraph*.20}% 37
\BOOKMARK [5][-]{subparagraph*.22}{\376\377\000S\000o\000u\000r\000c\000e}{paragraph*.20}% 38
\BOOKMARK [4][-]{paragraph*.23}{\376\377\000S\000u\000m\000m\000a\000r\000y}{subsubsection.2.8.1.5}% 39
\BOOKMARK [3][-]{subsubsection.2.8.1.6}{\376\377\000b\000l\000i\000n\000k\000y\000\040\040\024\000\040\000C\000l\000o\000c\000k\000\040\000D\000o\000m\000a\000i\000n\000\040\000A\000n\000a\000l\000y\000s\000i\000s}{subsection.2.8.1}% 40
\BOOKMARK [4][-]{paragraph*.24}{\376\377\000C\000l\000o\000c\000k\000\040\000D\000o\000m\000a\000i\000n}{subsubsection.2.8.1.6}% 41
\BOOKMARK [3][-]{subsubsection.2.8.1.7}{\376\377\000b\000l\000i\000n\000k\000y\000\040\040\024\000\040\000R\000e\000s\000e\000t\000\040\000D\000o\000m\000a\000i\000n\000\040\000A\000n\000a\000l\000y\000s\000i\000s}{subsection.2.8.1}% 42
\BOOKMARK [4][-]{paragraph*.25}{\376\377\000R\000e\000s\000e\000t\000\040\000D\000o\000m\000a\000i\000n}{subsubsection.2.8.1.7}% 43
\BOOKMARK [2][-]{subsection.2.8.2}{\376\377\000c\000f\000g\000\137\000s\000y\000n\000c}{section.2.8}% 44
\BOOKMARK [3][-]{subsubsection.2.8.2.1}{\376\377\000c\000f\000g\000\137\000s\000y\000n\000c\000\040\040\024\000\040\000E\000n\000t\000i\000t\000y}{subsection.2.8.2}% 45
\BOOKMARK [4][-]{paragraph*.27}{\376\377\000A\000n\000n\000o\000t\000a\000t\000e\000d\000\040\000S\000o\000u\000r\000c\000e}{subsubsection.2.8.2.1}% 46
\BOOKMARK [3][-]{subsubsection.2.8.2.2}{\376\377\000c\000f\000g\000\137\000s\000y\000n\000c\000\040\040\024\000\040\000B\000l\000o\000c\000k\000\040\000D\000i\000a\000g\000r\000a\000m}{subsection.2.8.2}% 47
\BOOKMARK [4][-]{paragraph*.28}{\376\377\000P\000o\000r\000t\000s}{subsubsection.2.8.2.2}% 48
\BOOKMARK [4][-]{paragraph*.29}{\376\377\000S\000i\000g\000n\000a\000l\000s}{subsubsection.2.8.2.2}% 49
\BOOKMARK [3][-]{subsubsection.2.8.2.3}{\376\377\000c\000f\000g\000\137\000s\000y\000n\000c\000\040\040\024\000\040\000S\000t\000a\000t\000e\000\040\000M\000a\000c\000h\000i\000n\000e}{subsection.2.8.2}% 50
\BOOKMARK [3][-]{subsubsection.2.8.2.4}{\376\377\000c\000f\000g\000\137\000s\000y\000n\000c\000\040\040\024\000\040\000T\000i\000m\000i\000n\000g\000\040\000D\000i\000a\000g\000r\000a\000m\000s}{subsection.2.8.2}% 51
\BOOKMARK [4][-]{paragraph*.30}{\376\377\000P\000\040\000M\000o\000d\000e\000\040\000S\000y\000n\000c}{subsubsection.2.8.2.4}% 52
\BOOKMARK [3][-]{subsubsection.2.8.2.5}{\376\377\000P\000r\000o\000c\000e\000s\000s\000e\000s}{subsection.2.8.2}% 53
\BOOKMARK [4][-]{paragraph*.31}{\376\377\000p\000\137\000c\000f\000g\000\137\000r\000e\000g}{subsubsection.2.8.2.5}% 54
\BOOKMARK [5][-]{subparagraph*.32}{\376\377\000D\000e\000s\000c\000r\000i\000p\000t\000i\000o\000n}{paragraph*.31}% 55
\BOOKMARK [5][-]{subparagraph*.33}{\376\377\000S\000o\000u\000r\000c\000e}{paragraph*.31}% 56
\BOOKMARK [4][-]{paragraph*.34}{\376\377\000p\000\137\000m\000o\000d\000e\000\137\000s\000y\000n\000c}{subsubsection.2.8.2.5}% 57
\BOOKMARK [5][-]{subparagraph*.35}{\376\377\000D\000e\000s\000c\000r\000i\000p\000t\000i\000o\000n}{paragraph*.34}% 58
\BOOKMARK [5][-]{subparagraph*.36}{\376\377\000S\000o\000u\000r\000c\000e}{paragraph*.34}% 59
\BOOKMARK [4][-]{paragraph*.37}{\376\377\000p\000\137\000d\000u\000t\000y\000\137\000c\000a\000p\000t\000u\000r\000e}{subsubsection.2.8.2.5}% 60
\BOOKMARK [5][-]{subparagraph*.38}{\376\377\000D\000e\000s\000c\000r\000i\000p\000t\000i\000o\000n}{paragraph*.37}% 61
\BOOKMARK [5][-]{subparagraph*.39}{\376\377\000S\000o\000u\000r\000c\000e}{paragraph*.37}% 62
\BOOKMARK [4][-]{paragraph*.40}{\376\377\000S\000u\000m\000m\000a\000r\000y}{subsubsection.2.8.2.5}% 63
\BOOKMARK [3][-]{subsubsection.2.8.2.6}{\376\377\000c\000f\000g\000\137\000s\000y\000n\000c\000\040\040\024\000\040\000C\000l\000o\000c\000k\000\040\000D\000o\000m\000a\000i\000n\000\040\000A\000n\000a\000l\000y\000s\000i\000s}{subsection.2.8.2}% 64
\BOOKMARK [4][-]{paragraph*.41}{\376\377\000C\000l\000o\000c\000k\000\040\000D\000o\000m\000a\000i\000n\000s}{subsubsection.2.8.2.6}% 65
\BOOKMARK [4][-]{paragraph*.42}{\376\377\000S\000i\000g\000n\000a\000l\000\040\000C\000r\000o\000s\000s\000i\000n\000g\000s}{subsubsection.2.8.2.6}% 66
\BOOKMARK [3][-]{subsubsection.2.8.2.7}{\376\377\000c\000f\000g\000\137\000s\000y\000n\000c\000\040\040\024\000\040\000R\000e\000s\000e\000t\000\040\000D\000o\000m\000a\000i\000n\000\040\000A\000n\000a\000l\000y\000s\000i\000s}{subsection.2.8.2}% 67
\BOOKMARK [4][-]{paragraph*.43}{\376\377\000R\000e\000s\000e\000t\000\040\000D\000o\000m\000a\000i\000n\000s}{subsubsection.2.8.2.7}% 68
\BOOKMARK [4][-]{paragraph*.44}{\376\377\000S\000i\000g\000n\000a\000l\000\040\000C\000r\000o\000s\000s\000i\000n\000g\000s}{subsubsection.2.8.2.7}% 69
\BOOKMARK [2][-]{subsection.2.8.3}{\376\377\000p\000w\000m\000\137\000c\000o\000n\000t\000r\000o\000l\000l\000e\000r}{section.2.8}% 70
\BOOKMARK [3][-]{subsubsection.2.8.3.1}{\376\377\000p\000w\000m\000\137\000c\000o\000n\000t\000r\000o\000l\000l\000e\000r\000\040\040\024\000\040\000E\000n\000t\000i\000t\000y}{subsection.2.8.3}% 71
\BOOKMARK [4][-]{paragraph*.45}{\376\377\000A\000n\000n\000o\000t\000a\000t\000e\000d\000\040\000S\000o\000u\000r\000c\000e}{subsubsection.2.8.3.1}% 72
\BOOKMARK [3][-]{subsubsection.2.8.3.2}{\376\377\000p\000w\000m\000\137\000c\000o\000n\000t\000r\000o\000l\000l\000e\000r\000\040\040\024\000\040\000B\000l\000o\000c\000k\000\040\000D\000i\000a\000g\000r\000a\000m}{subsection.2.8.3}% 73
\BOOKMARK [4][-]{paragraph*.46}{\376\377\000P\000o\000r\000t\000s}{subsubsection.2.8.3.2}% 74
\BOOKMARK [4][-]{paragraph*.47}{\376\377\000P\000a\000r\000a\000m\000e\000t\000e\000r\000s}{subsubsection.2.8.3.2}% 75
\BOOKMARK [4][-]{paragraph*.48}{\376\377\000S\000i\000g\000n\000a\000l\000s}{subsubsection.2.8.3.2}% 76
\BOOKMARK [3][-]{subsubsection.2.8.3.3}{\376\377\000p\000w\000m\000\137\000c\000o\000n\000t\000r\000o\000l\000l\000e\000r\000\040\000S\000t\000a\000t\000e\000\040\000M\000a\000c\000h\000i\000n\000e}{subsection.2.8.3}% 77
\BOOKMARK [4][-]{paragraph*.49}{\376\377\000S\000t\000a\000t\000e\000\040\000T\000r\000a\000n\000s\000i\000t\000i\000o\000n\000\040\000D\000i\000a\000g\000r\000a\000m}{subsubsection.2.8.3.3}% 78
\BOOKMARK [4][-]{paragraph*.50}{\376\377\000S\000t\000a\000t\000e\000\040\000O\000u\000t\000p\000u\000t\000\040\000T\000a\000b\000l\000e}{subsubsection.2.8.3.3}% 79
\BOOKMARK [4][-]{paragraph*.51}{\376\377\000T\000r\000a\000n\000s\000i\000t\000i\000o\000n\000s}{subsubsection.2.8.3.3}% 80
\BOOKMARK [3][-]{subsubsection.2.8.3.4}{\376\377\000p\000w\000m\000\137\000c\000o\000n\000t\000r\000o\000l\000l\000e\000r\000\040\040\024\000\040\000T\000i\000m\000i\000n\000g\000\040\000D\000i\000a\000g\000r\000a\000m\000s}{subsection.2.8.3}% 81
\BOOKMARK [4][-]{paragraph*.52}{\376\377\000P\000\040\000N\000e\000x\000t\000\040\000S\000t\000a\000t\000e}{subsubsection.2.8.3.4}% 82
\BOOKMARK [4][-]{paragraph*.53}{\376\377\000P\000\040\000O\000u\000t\000p\000u\000t\000s}{subsubsection.2.8.3.4}% 83
\BOOKMARK [4][-]{paragraph*.54}{\376\377\000P\000\040\000S\000t\000a\000t\000e\000\040\000R\000e\000g}{subsubsection.2.8.3.4}% 84
\BOOKMARK [3][-]{subsubsection.2.8.3.5}{\376\377\000P\000r\000o\000c\000e\000s\000s\000e\000s}{subsection.2.8.3}% 85
\BOOKMARK [4][-]{paragraph*.55}{\376\377\000p\000\137\000s\000t\000a\000t\000e\000\137\000r\000e\000g}{subsubsection.2.8.3.5}% 86
\BOOKMARK [5][-]{subparagraph*.56}{\376\377\000D\000e\000s\000c\000r\000i\000p\000t\000i\000o\000n}{paragraph*.55}% 87
\BOOKMARK [5][-]{subparagraph*.57}{\376\377\000S\000o\000u\000r\000c\000e}{paragraph*.55}% 88
\BOOKMARK [4][-]{paragraph*.58}{\376\377\000p\000\137\000n\000e\000x\000t\000\137\000s\000t\000a\000t\000e}{subsubsection.2.8.3.5}% 89
\BOOKMARK [5][-]{subparagraph*.59}{\376\377\000D\000e\000s\000c\000r\000i\000p\000t\000i\000o\000n}{paragraph*.58}% 90
\BOOKMARK [5][-]{subparagraph*.60}{\376\377\000S\000o\000u\000r\000c\000e}{paragraph*.58}% 91
\BOOKMARK [4][-]{paragraph*.61}{\376\377\000p\000\137\000o\000u\000t\000p\000u\000t\000s}{subsubsection.2.8.3.5}% 92
\BOOKMARK [5][-]{subparagraph*.62}{\376\377\000D\000e\000s\000c\000r\000i\000p\000t\000i\000o\000n}{paragraph*.61}% 93
\BOOKMARK [5][-]{subparagraph*.63}{\376\377\000S\000o\000u\000r\000c\000e}{paragraph*.61}% 94
\BOOKMARK [4][-]{paragraph*.64}{\376\377\000S\000u\000m\000m\000a\000r\000y}{subsubsection.2.8.3.5}% 95
\BOOKMARK [3][-]{subsubsection.2.8.3.6}{\376\377\000p\000w\000m\000\137\000c\000o\000n\000t\000r\000o\000l\000l\000e\000r\000\040\040\024\000\040\000C\000l\000o\000c\000k\000\040\000D\000o\000m\000a\000i\000n\000\040\000A\000n\000a\000l\000y\000s\000i\000s}{subsection.2.8.3}% 96
\BOOKMARK [4][-]{paragraph*.65}{\376\377\000C\000l\000o\000c\000k\000\040\000D\000o\000m\000a\000i\000n}{subsubsection.2.8.3.6}% 97
\BOOKMARK [3][-]{subsubsection.2.8.3.7}{\376\377\000p\000w\000m\000\137\000c\000o\000n\000t\000r\000o\000l\000l\000e\000r\000\040\040\024\000\040\000R\000e\000s\000e\000t\000\040\000D\000o\000m\000a\000i\000n\000\040\000A\000n\000a\000l\000y\000s\000i\000s}{subsection.2.8.3}% 98
\BOOKMARK [4][-]{paragraph*.66}{\376\377\000R\000e\000s\000e\000t\000\040\000D\000o\000m\000a\000i\000n}{subsubsection.2.8.3.7}% 99
\BOOKMARK [2][-]{subsection.2.8.4}{\376\377\000t\000r\000a\000f\000f\000i\000c\000\137\000l\000i\000g\000h\000t}{section.2.8}% 100
\BOOKMARK [3][-]{subsubsection.2.8.4.1}{\376\377\000t\000r\000a\000f\000f\000i\000c\000\137\000l\000i\000g\000h\000t\000\040\040\024\000\040\000E\000n\000t\000i\000t\000y}{subsection.2.8.4}% 101
\BOOKMARK [4][-]{paragraph*.68}{\376\377\000A\000n\000n\000o\000t\000a\000t\000e\000d\000\040\000S\000o\000u\000r\000c\000e}{subsubsection.2.8.4.1}% 102
\BOOKMARK [3][-]{subsubsection.2.8.4.2}{\376\377\000t\000r\000a\000f\000f\000i\000c\000\137\000l\000i\000g\000h\000t\000\040\040\024\000\040\000B\000l\000o\000c\000k\000\040\000D\000i\000a\000g\000r\000a\000m}{subsection.2.8.4}% 103
\BOOKMARK [4][-]{paragraph*.69}{\376\377\000P\000o\000r\000t\000s}{subsubsection.2.8.4.2}% 104
\BOOKMARK [4][-]{paragraph*.70}{\376\377\000G\000e\000n\000e\000r\000i\000c\000s}{subsubsection.2.8.4.2}% 105
\BOOKMARK [4][-]{paragraph*.71}{\376\377\000S\000i\000g\000n\000a\000l\000s}{subsubsection.2.8.4.2}% 106
\BOOKMARK [3][-]{subsubsection.2.8.4.3}{\376\377\000t\000r\000a\000f\000f\000i\000c\000\137\000l\000i\000g\000h\000t\000\040\000S\000t\000a\000t\000e\000\040\000M\000a\000c\000h\000i\000n\000e}{subsection.2.8.4}% 107
\BOOKMARK [4][-]{paragraph*.72}{\376\377\000S\000t\000a\000t\000e\000\040\000T\000r\000a\000n\000s\000i\000t\000i\000o\000n\000\040\000D\000i\000a\000g\000r\000a\000m}{subsubsection.2.8.4.3}% 108
\BOOKMARK [4][-]{paragraph*.73}{\376\377\000S\000t\000a\000t\000e\000\040\000O\000u\000t\000p\000u\000t\000\040\000T\000a\000b\000l\000e}{subsubsection.2.8.4.3}% 109
\BOOKMARK [4][-]{paragraph*.74}{\376\377\000T\000r\000a\000n\000s\000i\000t\000i\000o\000n\000s}{subsubsection.2.8.4.3}% 110
\BOOKMARK [3][-]{subsubsection.2.8.4.4}{\376\377\000t\000r\000a\000f\000f\000i\000c\000\137\000l\000i\000g\000h\000t\000\040\040\024\000\040\000T\000i\000m\000i\000n\000g\000\040\000D\000i\000a\000g\000r\000a\000m\000s}{subsection.2.8.4}% 111
\BOOKMARK [4][-]{paragraph*.75}{\376\377\000P\000\040\000N\000e\000x\000t\000\040\000S\000t\000a\000t\000e}{subsubsection.2.8.4.4}% 112
\BOOKMARK [4][-]{paragraph*.76}{\376\377\000P\000\040\000O\000u\000t\000p\000u\000t\000s}{subsubsection.2.8.4.4}% 113
\BOOKMARK [4][-]{paragraph*.77}{\376\377\000P\000\040\000S\000t\000a\000t\000e\000\040\000R\000e\000g}{subsubsection.2.8.4.4}% 114
\BOOKMARK [3][-]{subsubsection.2.8.4.5}{\376\377\000P\000r\000o\000c\000e\000s\000s\000e\000s}{subsection.2.8.4}% 115
\BOOKMARK [4][-]{paragraph*.78}{\376\377\000p\000\137\000s\000t\000a\000t\000e\000\137\000r\000e\000g}{subsubsection.2.8.4.5}% 116
\BOOKMARK [5][-]{subparagraph*.79}{\376\377\000D\000e\000s\000c\000r\000i\000p\000t\000i\000o\000n}{paragraph*.78}% 117
\BOOKMARK [5][-]{subparagraph*.80}{\376\377\000S\000o\000u\000r\000c\000e}{paragraph*.78}% 118
\BOOKMARK [4][-]{paragraph*.81}{\376\377\000p\000\137\000n\000e\000x\000t\000\137\000s\000t\000a\000t\000e}{subsubsection.2.8.4.5}% 119
\BOOKMARK [5][-]{subparagraph*.82}{\376\377\000D\000e\000s\000c\000r\000i\000p\000t\000i\000o\000n}{paragraph*.81}% 120
\BOOKMARK [5][-]{subparagraph*.83}{\376\377\000S\000i\000g\000n\000a\000l\000\040\000A\000s\000s\000i\000g\000n\000m\000e\000n\000t\000s}{paragraph*.81}% 121
\BOOKMARK [5][-]{subparagraph*.84}{\376\377\000S\000o\000u\000r\000c\000e}{paragraph*.81}% 122
\BOOKMARK [4][-]{paragraph*.85}{\376\377\000p\000\137\000o\000u\000t\000p\000u\000t\000s}{subsubsection.2.8.4.5}% 123
\BOOKMARK [5][-]{subparagraph*.86}{\376\377\000D\000e\000s\000c\000r\000i\000p\000t\000i\000o\000n}{paragraph*.85}% 124
\BOOKMARK [5][-]{subparagraph*.87}{\376\377\000S\000o\000u\000r\000c\000e}{paragraph*.85}% 125
\BOOKMARK [4][-]{paragraph*.88}{\376\377\000p\000\137\000w\000a\000t\000c\000h\000d\000o\000g}{subsubsection.2.8.4.5}% 126
\BOOKMARK [5][-]{subparagraph*.89}{\376\377\000D\000e\000s\000c\000r\000i\000p\000t\000i\000o\000n}{paragraph*.88}% 127
\BOOKMARK [5][-]{subparagraph*.90}{\376\377\000S\000o\000u\000r\000c\000e}{paragraph*.88}% 128
\BOOKMARK [4][-]{paragraph*.91}{\376\377\000S\000u\000m\000m\000a\000r\000y}{subsubsection.2.8.4.5}% 129
\BOOKMARK [3][-]{subsubsection.2.8.4.6}{\376\377\000t\000r\000a\000f\000f\000i\000c\000\137\000l\000i\000g\000h\000t\000\040\040\024\000\040\000C\000l\000o\000c\000k\000\040\000D\000o\000m\000a\000i\000n\000\040\000A\000n\000a\000l\000y\000s\000i\000s}{subsection.2.8.4}% 130
\BOOKMARK [4][-]{paragraph*.92}{\376\377\000C\000l\000o\000c\000k\000\040\000D\000o\000m\000a\000i\000n}{subsubsection.2.8.4.6}% 131
\BOOKMARK [3][-]{subsubsection.2.8.4.7}{\376\377\000t\000r\000a\000f\000f\000i\000c\000\137\000l\000i\000g\000h\000t\000\040\040\024\000\040\000R\000e\000s\000e\000t\000\040\000D\000o\000m\000a\000i\000n\000\040\000A\000n\000a\000l\000y\000s\000i\000s}{subsection.2.8.4}% 132
\BOOKMARK [4][-]{paragraph*.93}{\376\377\000R\000e\000s\000e\000t\000\040\000D\000o\000m\000a\000i\000n\000s}{subsubsection.2.8.4.7}% 133
\BOOKMARK [4][-]{paragraph*.94}{\376\377\000S\000i\000g\000n\000a\000l\000\040\000C\000r\000o\000s\000s\000i\000n\000g\000s}{subsubsection.2.8.4.7}% 134
\BOOKMARK [0][-]{chapter.3}{\376\377\000D\000e\000s\000i\000g\000n\000\040\000H\000i\000e\000r\000a\000r\000c\000h\000y}{}% 135
\BOOKMARK [1][-]{section.3.1}{\376\377\000I\000n\000s\000t\000a\000n\000t\000i\000a\000t\000i\000o\000n\000\040\000T\000r\000e\000e}{chapter.3}% 136
\BOOKMARK [1][-]{section.3.2}{\376\377\000M\000o\000d\000u\000l\000e\000\040\000L\000i\000s\000t}{chapter.3}% 137
\BOOKMARK [0][-]{chapter.4}{\376\377\000I\000n\000d\000i\000c\000e\000s}{}% 138
